Batch 19 (tests 901-950)
Exit code: 0
--- stdout ---
============================= test session starts =============================
collected 50 items

dev::TestXetSyncWorkflow::test_folder_change_detection PASSED            [  2%]
dev::TestXetSyncWorkflow::test_consensus_mode_workflow PASSED            [  4%]
dev::TestXetSyncWorkflow::test_tonic_create_and_sync PASSED              [  6%]
dev::TestXetSyncWorkflow::test_allowlist_integration PASSED              [  8%]
dev::TestXetSyncWorkflow::test_git_versioning_integration PASSED         [ 10%]
dev::TestPacketCompatibility::test_packet_header_format PASSED           [ 12%]
dev::TestPacketCompatibility::test_extension_format PASSED               [ 14%]
dev::TestStateMachineCompatibility::test_state_transitions_active PASSED [ 16%]
dev::TestStateMachineCompatibility::test_state_transitions_passive PASSED [ 18%]
dev::TestStateMachineCompatibility::test_invalid_state_transitions PASSED [ 20%]
dev::TestBackwardCompatibility::test_packet_without_extensions PASSED    [ 22%]
dev::TestBackwardCompatibility::test_unknown_extensions_ignored PASSED   [ 24%]
dev::TestBackwardCompatibility::test_missing_extensions_graceful PASSED  [ 26%]
dev::TestActiveHandshake::test_active_handshake_complete PASSED          [ 28%]
dev::TestPassiveHandshake::test_passive_handshake_complete PASSED        [ 30%]
dev::TestHandshakeWithExtensions::test_handshake_with_window_scaling PASSED [ 32%]
dev::TestHandshakeWithExtensions::test_handshake_with_ecn PASSED         [ 34%]
dev::TestHandshakeWithExtensions::test_extension_negotiation PASSED      [ 36%]
dev::TestDataTransmission::test_send_data PASSED                         [ 38%]
dev::TestDataTransmission::test_receive_data PASSED                      [ 40%]
dev::TestDataTransmission::test_out_of_order_packets PASSED              [ 42%]
dev::TestPerformance::test_high_throughput_send PASSED                   [ 44%]
dev::TestPerformance::test_many_concurrent_packets PASSED                [ 46%]
dev::TestPerformance::test_sack_block_generation_performance PASSED      [ 48%]
dev::TestPerformance::test_extension_parsing_performance PASSED          [ 50%]
dev::TestStress::test_many_retransmissions PASSED                        [ 52%]
dev::TestStress::test_large_window_scaling PASSED                        [ 54%]
dev::TestStress::test_many_connection_ids PASSED                         [ 56%]
dev::TestBencodePerformance::test_bencode_encode_performance PASSED      [ 58%]
dev::TestBencodePerformance::test_bencode_decode_performance PASSED      [ 60%]
dev::TestBencodePerformance::test_bencode_roundtrip_performance PASSED   [ 62%]
dev::TestBufferPerformance::test_ring_buffer_write_performance PASSED    [ 64%]
dev::TestBufferPerformance::test_ring_buffer_read_performance PASSED     [ 66%]
dev::TestBufferPerformance::test_memory_pool_performance PASSED          [ 68%]
dev::TestBufferPerformance::test_zero_copy_buffer_performance PASSED     [ 70%]
dev::TestDiskIOPerformance::test_disk_io_write_performance PASSED        [ 72%]
dev::TestDiskIOPerformance::test_disk_io_read_performance PASSED         [ 74%]
dev::TestDiskIOPerformance::test_disk_io_batch_performance PASSED        [ 76%]
dev::TestEventSystemPerformance::test_event_emission_performance PASSED  [ 78%]
dev::TestEventSystemPerformance::test_event_processing_performance PASSED [ 80%]
dev::TestEventSystemPerformance::test_event_batch_performance PASSED     [ 82%]
dev::TestTorrentParsingPerformance::test_torrent_parsing_performance PASSED [ 84%]
dev::TestMemoryUsage::test_ring_buffer_memory_usage PASSED               [ 86%]
dev::TestMemoryUsage::test_memory_pool_memory_usage PASSED               [ 88%]
dev::TestConcurrencyPerformance::test_concurrent_event_processing PASSED [ 90%]
dev::TestConcurrencyPerformance::test_concurrent_disk_io PASSED          [ 92%]
dev::TestCipherPerformance::test_rc4_encrypt_1kb PASSED                  [ 94%]
dev::TestCipherPerformance::test_rc4_encrypt_64kb PASSED                 [ 96%]
dev::TestCipherPerformance::test_rc4_encrypt_1mb PASSED                  [ 98%]
dev::TestCipherPerformance::test_rc4_encrypt_10mb PASSED                 [100%]

============================== warnings summary ===============================
::TestXetSyncWorkflow::test_tonic_create_and_sync
  C:\Users\MeMyself\bittorrentclient\ccbt\i18n\__init__.py:80: DeprecationWarning: 'locale.getdefaultlocale' is deprecated and slated for removal in Python 3.15. Use setlocale(), getencoding() and getlocale() instead.
    system_locale, _ = locale.getdefaultlocale()

::TestPassiveHandshake::test_passive_handshake_complete
  C:\Users\MeMyself\bittorrentclient\ccbt\transport\utp.py:1357: DeprecationWarning: UTPSocketManager.get_instance() is deprecated. Use session_manager.utp_socket_manager instead. Singleton pattern removed to prevent socket recreation issues.
    socket_manager = await UTPSocketManager.get_instance()

-- Docs: https://docs.pytest.org/en/stable/how-to/capture-warnings.html
- generated xml file: C:\Users\MeMyself\bittorrentclient\site\reports\junit.xml -
================= 50 passed, 2 warnings in 119.88s (0:01:59) ==================
