Batch 24 (tests 1151-1200)
Exit code: 0
--- stdout ---
============================= test session starts =============================
collected 50 items

dev::TestInteractiveComprehensive::test_create_download_panel_no_torrent PASSED [  2%]
------------------------------ live log teardown ------------------------------
WARNING  tests.conftest:conftest.py:798 Test isolation warnings (non-critical): Many open file handles detected: 6 files

dev::TestInteractiveComprehensive::test_create_download_panel_with_torrent PASSED [  4%]
dev::TestInteractiveComprehensive::test_create_download_panel_with_eta PASSED [  6%]
dev::TestInteractiveComprehensive::test_create_peers_panel_no_torrent PASSED [  8%]
dev::TestInteractiveComprehensive::test_create_peers_panel_no_peers PASSED [ 10%]
dev::TestInteractiveComprehensive::test_create_peers_panel_with_peers PASSED [ 12%]
dev::TestInteractiveComprehensive::test_create_status_panel PASSED       [ 14%]
dev::TestInteractiveComprehensive::test_update_display PASSED            [ 16%]
dev::TestInteractiveComprehensive::test_cmd_help PASSED                  [ 18%]
dev::TestInteractiveComprehensive::test_cmd_status_no_torrent PASSED     [ 20%]
dev::TestInteractiveComprehensive::test_cmd_status_with_torrent PASSED   [ 22%]
dev::TestInteractiveComprehensive::test_cmd_peers_no_torrent PASSED      [ 24%]
dev::TestInteractiveComprehensive::test_cmd_peers_no_peers PASSED        [ 26%]
dev::TestInteractiveComprehensive::test_cmd_peers_with_peers_dict PASSED [ 28%]
dev::TestInteractiveComprehensive::test_cmd_peers_with_peers_object PASSED [ 30%]
dev::TestInteractiveComprehensive::test_cmd_peers_exception PASSED       [ 32%]
dev::TestInteractiveComprehensive::test_cmd_files_no_torrent PASSED      [ 34%]
dev::TestInteractiveComprehensive::test_cmd_files_no_file_manager PASSED [ 36%]
dev::TestInteractiveComprehensive::test_cmd_files_select_success PASSED  [ 38%]
dev::TestInteractiveComprehensive::test_cmd_files_deselect_success PASSED [ 40%]
dev::TestInteractiveComprehensive::test_cmd_files_priority_success PASSED [ 42%]
dev::TestInteractiveComprehensive::test_cmd_files_priority_invalid PASSED [ 44%]
dev::TestInteractiveComprehensive::test_cmd_files_display_table PASSED   [ 46%]
dev::TestInteractiveComprehensive::test_cmd_pause_no_torrent PASSED      [ 48%]
dev::TestInteractiveComprehensive::test_cmd_pause_success PASSED         [ 50%]
dev::TestInteractiveComprehensive::test_cmd_resume_no_torrent PASSED     [ 52%]
dev::TestInteractiveComprehensive::test_cmd_resume_success PASSED        [ 54%]
dev::TestInteractiveComprehensive::test_cmd_stop_no_torrent PASSED       [ 56%]
dev::TestInteractiveComprehensive::test_cmd_stop_no_remove_method PASSED [ 58%]
dev::TestInteractiveComprehensive::test_cmd_checkpoint_list PASSED       [ 60%]
dev::TestInteractiveComprehensive::test_cmd_checkpoint_invalid PASSED    [ 62%]
dev::TestInteractiveComprehensive::test_cmd_metrics_show_all PASSED      [ 64%]
dev::TestInteractiveComprehensive::test_cmd_metrics_show_system PASSED   [ 66%]
dev::TestInteractiveComprehensive::test_cmd_metrics_export_json PASSED   [ 68%]
dev::TestInteractiveComprehensive::test_cmd_metrics_export_prometheus PASSED [ 70%]
dev::TestInteractiveComprehensive::test_cmd_metrics_export_json_no_file PASSED [ 72%]
dev::TestInteractiveComprehensive::test_cmd_alerts_show PASSED           [ 74%]
dev::TestInteractiveComprehensive::test_cmd_export PASSED                [ 76%]
dev::TestInteractiveComprehensive::test_cmd_export_no_args PASSED        [ 78%]
dev::TestInteractiveComprehensive::test_cmd_import PASSED                [ 80%]
dev::TestInteractiveComprehensive::test_cmd_import_no_args PASSED        [ 82%]
dev::TestInteractiveComprehensive::test_cmd_backup PASSED                [ 84%]
dev::TestInteractiveComprehensive::test_cmd_backup_no_args PASSED        [ 86%]
dev::TestInteractiveComprehensive::test_cmd_restore PASSED               [ 88%]
dev::TestInteractiveComprehensive::test_cmd_restore_no_args PASSED       [ 90%]
dev::TestInteractiveComprehensive::test_cmd_capabilities_show PASSED     [ 92%]
dev::TestInteractiveComprehensive::test_cmd_capabilities_summary PASSED  [ 94%]
dev::TestInteractiveComprehensive::test_cmd_auto_tune_preview PASSED     [ 96%]
dev::TestInteractiveComprehensive::test_cmd_auto_tune_apply PASSED       [ 98%]
dev::TestInteractiveComprehensive::test_cmd_template_list PASSED         [100%]

============================== warnings summary ===============================
::TestInteractiveComprehensive::test_create_download_panel_no_torrent
  C:\Users\MeMyself\bittorrentclient\ccbt\i18n\__init__.py:80: DeprecationWarning: 'locale.getdefaultlocale' is deprecated and slated for removal in Python 3.15. Use setlocale(), getencoding() and getlocale() instead.
    system_locale, _ = locale.getdefaultlocale()

::TestInteractiveComprehensive::test_create_download_panel_no_torrent
  C:\Users\MeMyself\bittorrentclient\ccbt\__init__.py:26: DeprecationWarning: There is no current event loop
    return self._base.get_event_loop()

-- Docs: https://docs.pytest.org/en/stable/how-to/capture-warnings.html
- generated xml file: C:\Users\MeMyself\bittorrentclient\site\reports\junit.xml -
================= 50 passed, 2 warnings in 118.21s (0:01:58) ==================
