Batch 22 (tests 1051-1100)
Exit code: 0
--- stdout ---
============================= test session starts =============================
collected 50 items

dev::TestCheckpointsTC001TC002Fixes::test_console_in_type_checking_block PASSED [  2%]
dev::TestCheckpointsTC001TC002Fixes::test_type_checking_imports_not_available_at_runtime PASSED [  4%]
dev::TestCheckpointsD103Fixes::test_list_checkpoints_has_docstring PASSED [  6%]
dev::TestCheckpointsD103Fixes::test_clean_checkpoints_has_docstring PASSED [  8%]
dev::TestCheckpointsD103Fixes::test_delete_checkpoint_has_docstring PASSED [ 10%]
dev::TestCheckpointsD103Fixes::test_verify_checkpoint_has_docstring PASSED [ 12%]
dev::TestCheckpointsD103Fixes::test_export_checkpoint_has_docstring PASSED [ 14%]
dev::TestCheckpointsD103Fixes::test_backup_checkpoint_has_docstring PASSED [ 16%]
dev::TestCheckpointsD103Fixes::test_restore_checkpoint_has_docstring PASSED [ 18%]
dev::TestCheckpointsD103Fixes::test_migrate_checkpoint_has_docstring PASSED [ 20%]
dev::TestCheckpointsD103Fixes::test_all_functions_have_docstrings_source_verification PASSED [ 22%]
dev::TestCheckpointsFunctionCompatibility::test_list_checkpoints_function_signature PASSED [ 24%]
dev::TestCheckpointsFunctionCompatibility::test_list_checkpoints_execution PASSED [ 26%]
dev::TestCheckpointsFunctionCompatibility::test_all_functions_are_callable PASSED [ 28%]
dev::TestConfigUtilsTC001Fix::test_config_manager_type_hint_works PASSED [ 30%]
dev::TestConfigUtilsTC001Fix::test_import_structure PASSED               [ 32%]
dev::TestConfigUtilsF841Fixes::test_restart_daemon_async_without_unused_config_manager PASSED [ 34%]
dev::TestConfigUtilsF841Fixes::test_restart_daemon_async_exception_handling PASSED [ 36%]
dev::TestConfigUtilsF841Fixes::test_restart_daemon_async_start_exception_handling PASSED [ 38%]
dev::TestConfigUtilsTRY401Verification::test_logger_exception_calls_work PASSED [ 40%]
dev::TestConfigUtilsARG001Fix::test_restart_daemon_if_needed_with_unused_config_manager PASSED [ 42%]
dev::TestConfigUtilsARG001Fix::test_restart_daemon_if_needed_requires_restart_false PASSED [ 44%]
dev::TestConfigUtilsARG001Fix::test_restart_daemon_if_needed_daemon_not_running PASSED [ 46%]
dev::TestConfigUtilsRequiresDaemonRestart::test_requires_daemon_restart_no_changes PASSED [ 48%]
dev::TestConfigUtilsRequiresDaemonRestart::test_requires_daemon_restart_daemon_config_change PASSED [ 50%]
dev::TestConfigUtilsRequiresDaemonRestart::test_requires_daemon_restart_disk_config_change PASSED [ 52%]
dev::TestFormatValidation::test_format_conflict_v2_hybrid PASSED         [ 54%]
dev::TestFormatValidation::test_format_conflict_v2_v1 PASSED             [ 56%]
dev::TestFormatValidation::test_format_conflict_hybrid_v1 PASSED         [ 58%]
dev::TestPieceLengthValidation::test_piece_length_below_minimum PASSED   [ 60%]
dev::TestPieceLengthValidation::test_piece_length_not_power_of_2 PASSED  [ 62%]
dev::TestPieceLengthValidation::test_empty_directory_error PASSED        [ 64%]
dev::TestPieceLengthValidation::test_piece_length_valid PASSED           [ 66%]
dev::TestTorrentCreationSuccessFailure::test_torrent_creation_v1_not_implemented PASSED [ 68%]
dev::TestTorrentCreationSuccessFailure::test_torrent_creation_exception_handling PASSED [ 70%]
dev::TestTorrentCreationSuccessFailure::test_output_directory_path_construction PASSED [ 72%]
dev::TestTorrentCreationSuccessFailure::test_source_path_not_exists_error PASSED [ 74%]
dev::TestTorrentCreationSuccessFailure::test_web_seeds_display PASSED    [ 76%]
dev::TestCreateTorrentARG001Fix::test_create_torrent_function_signature PASSED [ 78%]
dev::TestCreateTorrentARG001Fix::test_create_torrent_command_with_verbose_flag PASSED [ 80%]
dev::TestCreateTorrentARG001Fix::test_create_torrent_command_with_multiple_verbose_flags PASSED [ 82%]
dev::TestCreateTorrentARG001Fix::test_create_torrent_verbose_parameter_unused PASSED [ 84%]
dev::TestCreateTorrentARG001Fix::test_create_torrent_click_decorator_compatibility PASSED [ 86%]
dev::TestCreateTorrentFunctionCompatibility::test_create_torrent_can_be_called_with_all_parameters PASSED [ 88%]
dev::TestCreateTorrentFunctionCompatibility::test_create_torrent_command_integration PASSED [ 90%]
dev::TestDownloadsF811Fix::test_start_interactive_magnet_download_exists PASSED [ 92%]
dev::TestDownloadsF811Fix::test_start_interactive_magnet_download_signature PASSED [ 94%]
dev::TestDownloadsF811Fix::test_start_interactive_magnet_download_basic PASSED [ 96%]
dev::TestDownloadsF811Fix::test_start_interactive_magnet_download_with_existing_session PASSED [ 98%]
dev::TestDownloadsF811Fix::test_start_interactive_magnet_download_executor_failure PASSED [100%]

============================== warnings summary ===============================
ccbt\i18n\__init__.py:80
  C:\Users\MeMyself\bittorrentclient\ccbt\i18n\__init__.py:80: DeprecationWarning: 'locale.getdefaultlocale' is deprecated and slated for removal in Python 3.15. Use setlocale(), getencoding() and getlocale() instead.
    system_locale, _ = locale.getdefaultlocale()

::TestCheckpointsTC001TC002Fixes::test_console_in_type_checking_block
  C:\Users\MeMyself\bittorrentclient\ccbt\__init__.py:26: DeprecationWarning: There is no current event loop
    return self._base.get_event_loop()

-- Docs: https://docs.pytest.org/en/stable/how-to/capture-warnings.html
- generated xml file: C:\Users\MeMyself\bittorrentclient\site\reports\junit.xml -
================= 50 passed, 2 warnings in 110.49s (0:01:50) ==================
