Batch 25 (tests 1201-1250)
Exit code: 0
--- stdout ---
============================= test session starts =============================
collected 50 items

dev::TestInteractiveComprehensive::test_cmd_template_list_empty PASSED   [  2%]
dev::TestInteractiveComprehensive::test_cmd_template_apply PASSED        [  4%]
dev::TestInteractiveComprehensive::test_cmd_template_invalid PASSED      [  6%]
dev::TestInteractiveComprehensive::test_cmd_profile_list PASSED          [  8%]
dev::TestInteractiveComprehensive::test_cmd_profile_list_empty PASSED    [ 10%]
dev::TestInteractiveComprehensive::test_cmd_profile_apply PASSED         [ 12%]
dev::TestInteractiveComprehensive::test_cmd_config_backup_list PASSED    [ 14%]
dev::TestInteractiveComprehensive::test_cmd_config_backup_create PASSED  [ 16%]
dev::TestInteractiveComprehensive::test_cmd_config_backup_create_failure PASSED [ 18%]
dev::TestInteractiveComprehensive::test_cmd_config_backup_restore PASSED [ 20%]
dev::TestInteractiveComprehensive::test_cmd_config_backup_restore_failure PASSED [ 22%]
dev::TestInteractiveComprehensive::test_cmd_config_backup_invalid PASSED [ 24%]
dev::TestInteractiveComprehensive::test_cmd_config_diff PASSED           [ 26%]
dev::TestInteractiveComprehensive::test_cmd_config_export PASSED         [ 28%]
dev::TestInteractiveComprehensive::test_cmd_config_export_no_file PASSED [ 30%]
dev::TestInteractiveComprehensive::test_cmd_config_import PASSED         [ 32%]
dev::TestInteractiveComprehensive::test_cmd_config_import_no_args PASSED [ 34%]
dev::TestInteractiveComprehensive::test_cmd_config_schema PASSED         [ 36%]
dev::TestInteractiveComprehensive::test_cmd_config_show_all PASSED       [ 38%]
dev::TestInteractiveComprehensive::test_cmd_config_show_section PASSED   [ 40%]
dev::TestInteractiveComprehensive::test_cmd_config_show_key_not_found PASSED [ 42%]
dev::TestInteractiveComprehensive::test_cmd_config_get PASSED            [ 44%]
dev::TestInteractiveComprehensive::test_cmd_config_get_not_found PASSED  [ 46%]
dev::TestInteractiveComprehensive::test_cmd_config_get_no_args PASSED    [ 48%]
dev::TestInteractiveComprehensive::test_cmd_config_set_bool PASSED       [ 50%]
dev::TestInteractiveComprehensive::test_cmd_config_set_int PASSED        [ 52%]
dev::TestInteractiveComprehensive::test_cmd_config_set_float PASSED      [ 54%]
dev::TestInteractiveComprehensive::test_cmd_config_set_string PASSED     [ 56%]
dev::TestInteractiveComprehensive::test_cmd_config_set_error PASSED      [ 58%]
dev::TestInteractiveComprehensive::test_cmd_config_set_no_args PASSED    [ 60%]
dev::TestInteractiveComprehensive::test_cmd_config_reload PASSED         [ 62%]
dev::TestInteractiveComprehensive::test_cmd_config_reload_error PASSED   [ 64%]
dev::TestInteractiveComprehensive::test_cmd_config_invalid_subcommand PASSED [ 66%]
dev::TestInteractiveComprehensive::test_cmd_config_no_args PASSED        [ 68%]
dev::test_cmd_alerts PASSED                                              [ 70%]
dev::test_cmd_auto_tune PASSED                                           [ 72%]
dev::test_cmd_capabilities PASSED                                        [ 74%]
dev::test_cmd_checkpoint PASSED                                          [ 76%]
dev::test_cmd_clear PASSED                                               [ 78%]
dev::test_cmd_config_backup PASSED                                       [ 80%]
dev::test_cmd_config_basic PASSED                                        [ 82%]
dev::test_cmd_discovery PASSED                                           [ 84%]
dev::test_cmd_disk PASSED                                                [ 86%]
dev::test_cmd_files_with_files PASSED                                    [ 88%]
dev::test_cmd_files_with_files_as_attr PASSED                            [ 90%]
dev::test_cmd_limits PASSED                                              [ 92%]
dev::test_cmd_metrics PASSED                                             [ 94%]
dev::test_cmd_network PASSED                                             [ 96%]
dev::test_cmd_pause_with_torrent PASSED                                  [ 98%]
dev::test_cmd_peers_with_dict_peers PASSED                               [100%]

============================== warnings summary ===============================
::TestInteractiveComprehensive::test_cmd_template_list_empty
  C:\Users\MeMyself\bittorrentclient\ccbt\i18n\__init__.py:80: DeprecationWarning: 'locale.getdefaultlocale' is deprecated and slated for removal in Python 3.15. Use setlocale(), getencoding() and getlocale() instead.
    system_locale, _ = locale.getdefaultlocale()

::test_cmd_disk
  C:\Users\MeMyself\bittorrentclient\ccbt\cli\interactive.py:1632: RuntimeWarning: coroutine 'AsyncMockMixin._execute_mock_call' was never awaited
    io_table.add_row("Total Writes", f"{stats.get('writes', 0):,}")
  Enable tracemalloc to get traceback where the object was allocated.
  See https://docs.pytest.org/en/stable/how-to/capture-warnings.html#resource-warnings for more info.

::test_cmd_disk
  C:\Users\MeMyself\bittorrentclient\ccbt\cli\interactive.py:1465: RuntimeWarning: coroutine 'AsyncMockMixin._execute_mock_call' was never awaited
    await self._show_disk_stats()
  Enable tracemalloc to get traceback where the object was allocated.
  See https://docs.pytest.org/en/stable/how-to/capture-warnings.html#resource-warnings for more info.

::test_cmd_metrics
  C:\Users\MeMyself\bittorrentclient\ccbt\monitoring\metrics_collector.py:1015: DeprecationWarning: get_disk_io_manager() is deprecated. Use session_manager.disk_io_manager instead. Singleton pattern removed to ensure proper lifecycle management.
    disk_io = get_disk_io_manager()

-- Docs: https://docs.pytest.org/en/stable/how-to/capture-warnings.html
- generated xml file: C:\Users\MeMyself\bittorrentclient\site\reports\junit.xml -
================= 50 passed, 4 warnings in 113.69s (0:01:53) ==================
