Batch 20 (tests 951-1000)
Exit code: 0
--- stdout ---
============================= test session starts =============================
collected 50 items

dev::TestCipherPerformance::test_rc4_decrypt_1kb PASSED                  [  2%]
dev::TestCipherPerformance::test_rc4_decrypt_64kb PASSED                 [  4%]
dev::TestCipherPerformance::test_rc4_decrypt_1mb PASSED                  [  6%]
dev::TestCipherPerformance::test_aes128_encrypt_1kb PASSED               [  8%]
dev::TestCipherPerformance::test_aes128_encrypt_64kb PASSED              [ 10%]
dev::TestCipherPerformance::test_aes128_encrypt_1mb PASSED               [ 12%]
dev::TestCipherPerformance::test_aes256_encrypt_1kb PASSED               [ 14%]
dev::TestCipherPerformance::test_aes256_encrypt_64kb PASSED              [ 16%]
dev::TestCipherPerformance::test_aes256_encrypt_1mb PASSED               [ 18%]
dev::TestCipherPerformance::test_aes128_decrypt_1kb PASSED               [ 20%]
dev::TestCipherPerformance::test_aes128_decrypt_64kb PASSED              [ 22%]
dev::TestCipherPerformance::test_aes128_decrypt_1mb PASSED               [ 24%]
dev::TestCipherPerformance::test_cipher_throughput_comparison_1mb PASSED [ 26%]
dev::TestDHPerformance::test_dh_768_keypair_generation PASSED            [ 28%]
dev::TestDHPerformance::test_dh_1024_keypair_generation PASSED           [ 30%]
dev::TestDHPerformance::test_dh_768_shared_secret_computation PASSED     [ 32%]
dev::TestDHPerformance::test_dh_1024_shared_secret_computation PASSED    [ 34%]
dev::TestDHPerformance::test_key_derivation_performance PASSED           [ 36%]
dev::TestPortPool::test_port_pool_singleton PASSED                       [ 38%]
dev::TestPortPool::test_get_free_port_allocates_unique_ports PASSED      [ 40%]
dev::TestPortPool::test_release_port PASSED                              [ 42%]
dev::TestPortPool::test_release_all_ports PASSED                         [ 44%]
dev::TestPortPool::test_port_is_actually_available PASSED                [ 46%]
dev::TestNetworkMocks::test_mock_nat_manager PASSED                      [ 48%]
dev::TestNetworkMocks::test_mock_nat_manager_async_methods PASSED        [ 50%]
dev::TestNetworkMocks::test_mock_dht_client PASSED                       [ 52%]
dev::TestNetworkMocks::test_mock_dht_client_async_methods PASSED         [ 54%]
dev::TestNetworkMocks::test_mock_tcp_server PASSED                       [ 56%]
dev::TestNetworkMocks::test_mock_tcp_server_async_methods PASSED         [ 58%]
dev::TestNetworkMocks::test_mock_network_components PASSED               [ 60%]
dev::TestNetworkMocks::test_apply_network_mocks_to_session PASSED        [ 62%]
dev::TestPerformanceCommand::test_performance_analyze PASSED             [ 64%]
dev::TestPerformanceCommand::test_performance_benchmark PASSED           [ 66%]
dev::TestPerformanceCommand::test_performance_optimize PASSED            [ 68%]
dev::TestPerformanceCommand::test_performance_profile PASSED             [ 70%]
dev::TestPerformanceCommand::test_performance_all_flags PASSED           [ 72%]
dev::TestPerformanceCommand::test_performance_no_flags PASSED            [ 74%]
dev::TestSecurityCommand::test_security_scan PASSED                      [ 76%]
dev::TestSecurityCommand::test_security_validate PASSED                  [ 78%]
dev::TestSecurityCommand::test_security_encrypt PASSED                   [ 80%]
dev::TestSecurityCommand::test_security_rate_limit PASSED                [ 82%]
dev::TestSecurityCommand::test_security_all_flags PASSED                 [ 84%]
dev::TestSecurityCommand::test_security_no_flags PASSED                  [ 86%]
dev::TestRecoverCommand::test_recover_repair PASSED                      [ 88%]
dev::TestRecoverCommand::test_recover_verify PASSED                      [ 90%]
dev::TestRecoverCommand::test_recover_rehash PASSED                      [ 92%]
dev::TestRecoverCommand::test_recover_all_flags PASSED                   [ 94%]
dev::TestRecoverCommand::test_recover_no_flags PASSED                    [ 96%]
dev::TestRecoverCommand::test_recover_invalid_hash PASSED                [ 98%]
dev::TestTestCommand::test_test_unit PASSED                              [100%]

============================== warnings summary ===============================
ccbt\i18n\__init__.py:80
  C:\Users\MeMyself\bittorrentclient\ccbt\i18n\__init__.py:80: DeprecationWarning: 'locale.getdefaultlocale' is deprecated and slated for removal in Python 3.15. Use setlocale(), getencoding() and getlocale() instead.
    system_locale, _ = locale.getdefaultlocale()

.venv\Lib\site-packages\click\core.py:1460
  C:\Users\MeMyself\bittorrentclient\.venv\Lib\site-packages\click\core.py:1460: PytestCollectionWarning: cannot collect 'test' because it is not a function.
    def __call__(self, *args: t.Any, **kwargs: t.Any) -> t.Any:

::TestCipherPerformance::test_rc4_decrypt_1kb
  C:\Users\MeMyself\bittorrentclient\ccbt\__init__.py:26: DeprecationWarning: There is no current event loop
    return self._base.get_event_loop()

::TestPerformanceCommand::test_performance_optimize
  C:\Users\MeMyself\AppData\Roaming\uv\python\cpython-3.13.3-windows-x86_64-none\Lib\unittest\mock.py:463: RuntimeWarning: coroutine '_quick_disk_benchmark' was never awaited
    def __init__(
  Enable tracemalloc to get traceback where the object was allocated.
  See https://docs.pytest.org/en/stable/how-to/capture-warnings.html#resource-warnings for more info.

::TestPerformanceCommand::test_performance_all_flags
  C:\Users\MeMyself\AppData\Roaming\uv\python\cpython-3.13.3-windows-x86_64-none\Lib\unittest\mock.py:2247: RuntimeWarning: coroutine '_quick_disk_benchmark' was never awaited
    def __init__(self, name, parent):
  Enable tracemalloc to get traceback where the object was allocated.
  See https://docs.pytest.org/en/stable/how-to/capture-warnings.html#resource-warnings for more info.

-- Docs: https://docs.pytest.org/en/stable/how-to/capture-warnings.html
- generated xml file: C:\Users\MeMyself\bittorrentclient\site\reports\junit.xml -
========================== warnings summary (final) ===========================
.venv\Lib\site-packages\_pytest\assertion\rewrite.py:402
  C:\Users\MeMyself\bittorrentclient\.venv\Lib\site-packages\_pytest\assertion\rewrite.py:402: RuntimeWarning: coroutine '_quick_disk_benchmark' was never awaited
    co = marshal.load(fp)
  Enable tracemalloc to get traceback where the object was allocated.
  See https://docs.pytest.org/en/stable/how-to/capture-warnings.html#resource-warnings for more info.

-- Docs: https://docs.pytest.org/en/stable/how-to/capture-warnings.html
================= 50 passed, 6 warnings in 111.74s (0:01:51) ==================
