<?xml version="1.0" encoding="utf-8"?><testsuites name="pytest tests"><testsuite name="pytest" errors="0" failures="0" skipped="19" tests="4059" time="800.085" timestamp="2025-11-01T19:55:17.199661+01:00" hostname="claudia"><properties>
[...]
</properties><testcase classname="chaos.test_fault_injection.TestFaultInjection" name="test_network_failure_injection" time="5.583" /><testcase classname="chaos.test_fault_injection.TestFaultInjection" name="test_disk_failure_injection" time="0.287" /><testcase classname="chaos.test_fault_injection.TestFaultInjection" name="test_memory_pressure_injection" time="5.482" /><testcase classname="chaos.test_fault_injection.TestFaultInjection" name="test_event_system_failure_injection" time="0.461" /><testcase classname="chaos.test_fault_injection.TestFaultInjection" name="test_service_failure_injection" time="0.171" /><testcase classname="chaos.test_fault_injection.TestFaultInjection" name="test_plugin_failure_injection" time="0.179" /><testcase classname="chaos.test_fault_injection.TestFaultInjection" name="test_concurrent_failure_injection" time="5.485" /><testcase classname="chaos.test_fault_injection.TestFaultInjection" name="test_resource_exhaustion_injection" time="6.065" /><testcase classname="chaos.test_fault_injection.TestFaultInjection" name="test_timeout_injection" time="5.504" /><testcase classname="chaos.test_fault_injection.TestFaultInjection" name="test_corruption_injection" time="5.489" /><testcase classname="checkpoint.test_advanced_checkpoint" name="test_checkpoint_backup_restore_roundtrip" time="0.050" /><testcase classname="checkpoint.test_checkpoint.TestCheckpointManager" name="test_save_json_checkpoint" time="0.016" /><testcase classname="checkpoint.test_checkpoint.TestCheckpointManager" name="test_load_json_checkpoint" time="0.032" /><testcase classname="checkpoint.test_checkpoint.TestCheckpointManager" name="test_save_binary_checkpoint" time="0.015" /><testcase classname="checkpoint.test_checkpoint.TestCheckpointManager" name="test_load_binary_checkpoint" time="0.032" /><testcase classname="checkpoint.test_checkpoint.TestCheckpointManager" name="test_save_both_formats" time="0.008" /><testcase classname="checkpoint.test_checkpoint.TestCheckpointManager" name="test_load_checkpoint_not_found" time="0.005" /><testcase classname="checkpoint.test_checkpoint.TestCheckpointManager" name="test_delete_checkpoint" time="0.008" /><testcase classname="checkpoint.test_checkpoint.TestCheckpointManager" name="test_list_checkpoints" time="0.008" /><testcase classname="checkpoint.test_checkpoint.TestCheckpointManager" name="test_cleanup_old_checkpoints" time="0.007" /><testcase classname="checkpoint.test_checkpoint.TestCheckpointManager" name="test_checkpoint_stats" time="0.008" /><testcase classname="checkpoint.test_checkpoint.TestCheckpointManager" name="test_corrupted_json_checkpoint" time="0.016" /><testcase classname="checkpoint.test_checkpoint.TestCheckpointManager" name="test_version_mismatch" time="0.045" /><testcase classname="checkpoint.test_checkpoint.TestCheckpointManager" name="test_disabled_checkpointing" time="0.009" /><testcase classname="checkpoint.test_checkpoint.TestCheckpointIntegration" name="test_piece_manager_checkpoint_state" time="0.006" /><testcase classname="checkpoint.test_checkpoint.TestCheckpointIntegration" name="test_file_assembler_resume_validation" time="0.008" /><testcase classname="cli.test_advanced_commands.TestPerformanceCommand" name="test_performance_analyze" time="0.055" /><testcase classname="cli.test_advanced_commands.TestPerformanceCommand" name="test_performance_benchmark" time="0.016" /><testcase classname="cli.test_advanced_commands.TestPerformanceCommand" name="test_performance_optimize" time="0.005" /><testcase classname="cli.test_advanced_commands.TestPerformanceCommand" name="test_performance_profile" time="0.006" /><testcase classname="cli.test_advanced_commands.TestPerformanceCommand" name="test_performance_all_flags" time="0.013" /><testcase classname="cli.test_advanced_commands.TestPerformanceCommand" name="test_performance_no_flags" time="0.004" /><testcase classname="cli.test_advanced_commands.TestSecurityCommand" name="test_security_scan" time="0.005" /><testcase classname="cli.test_advanced_commands.TestSecurityCommand" name="test_security_validate" time="0.003" /><testcase classname="cli.test_advanced_commands.TestSecurityCommand" name="test_security_encrypt" time="0.004" /><testcase classname="cli.test_advanced_commands.TestSecurityCommand" name="test_security_rate_limit" time="0.003" /><testcase classname="cli.test_advanced_commands.TestSecurityCommand" name="test_security_all_flags" time="0.006" /><testcase classname="cli.test_advanced_commands.TestSecurityCommand" name="test_security_no_flags" time="0.004" /><testcase classname="cli.test_advanced_commands.TestRecoverCommand" name="test_recover_repair" time="0.004" /><testcase classname="cli.test_advanced_commands.TestRecoverCommand" name="test_recover_verify" time="0.004" /><testcase classname="cli.test_advanced_commands.TestRecoverCommand" name="test_recover_rehash" time="0.005" /><testcase classname="cli.test_advanced_commands.TestRecoverCommand" name="test_recover_all_flags" time="0.005" /><testcase classname="cli.test_advanced_commands.TestRecoverCommand" name="test_recover_no_flags" time="0.004" /><testcase classname="cli.test_advanced_commands.TestRecoverCommand" name="test_recover_invalid_hash" time="0.005" /><testcase classname="cli.test_advanced_commands.TestTestCommand" name="test_test_unit" time="0.006" /><testcase classname="cli.test_advanced_commands.TestTestCommand" name="test_test_integration" time="0.005" /><testcase classname="cli.test_advanced_commands.TestTestCommand" name="test_test_performance" time="0.005" /><testcase classname="cli.test_advanced_commands.TestTestCommand" name="test_test_security" time="0.005" /><testcase classname="cli.test_advanced_commands.TestTestCommand" name="test_test_all_flags" time="0.005" /><testcase classname="cli.test_advanced_commands.TestTestCommand" name="test_test_no_flags" time="0.004" /><testcase classname="cli.test_advanced_commands.TestAdvancedCommandsIntegration" name="test_performance_benchmark_integration" time="0.004" /><testcase classname="cli.test_advanced_commands.TestAdvancedCommandsIntegration" name="test_security_scan_integration" time="0.005" /><testcase classname="cli.test_advanced_commands.TestAdvancedCommandsIntegration" name="test_recover_checkpoint_integration" time="0.005" /><testcase classname="cli.test_advanced_commands.TestAdvancedCommandsIntegration" name="test_test_unit_integration" time="0.005" /><testcase classname="cli.test_advanced_commands_expanded_coverage.TestQuickDiskBenchmark" name="test_quick_disk_benchmark_full" time="0.019" /><testcase classname="cli.test_advanced_commands_expanded_coverage.TestQuickDiskBenchmark" name="test_quick_disk_benchmark_disk_stop_error" time="0.022" /><testcase classname="cli.test_advanced_commands_expanded_coverage.TestPerformanceCommandExpanded" name="test_performance_profile_with_exception" time="0.007" /><testcase classname="cli.test_advanced_commands_expanded_coverage.TestPerformanceCommandExpanded" name="test_performance_benchmark_with_exception" time="0.006" /><testcase classname="cli.test_advanced_commands_expanded_coverage.TestPerformanceCommandExpanded" name="test_performance_benchmark_coroutine_close_error" time="0.005" /><testcase classname="cli.test_advanced_commands_expanded_coverage.TestPerformanceCommandExpanded" name="test_performance_profile_coroutine_close_error" time="0.008" /><testcase classname="cli.test_advanced_commands_expanded_coverage.TestTestCommandExpanded" name="test_test_with_coverage" time="0.006" /><testcase classname="cli.test_advanced_commands_expanded_coverage.TestTestCommandExpanded" name="test_test_with_exception" time="0.005" /><testcase classname="cli.test_advanced_commands_expanded_coverage.TestTestCommandExpanded" name="test_test_all_flags_with_coverage" time="0.008" /><testcase classname="cli.test_config_commands_expanded.TestSchemaCommandExpanded" name="test_schema_with_invalid_model" time="0.004" /><testcase classname="cli.test_config_commands_expanded.TestSchemaCommandExpanded" name="test_schema_with_valid_model" time="0.008" /><testcase classname="cli.test_config_commands_expanded.TestSchemaCommandExpanded" name="test_schema_output_to_console" time="0.065" /><testcase classname="cli.test_config_commands_expanded.TestSchemaCommandExpanded" name="test_schema_yaml_format" time="0.248" /><testcase classname="cli.test_config_commands_expanded.TestSchemaCommandExpanded" name="test_schema_yaml_with_output_file" time="0.187" /><testcase classname="cli.test_config_commands_expanded.TestSchemaCommandExpanded" name="test_schema_error_handling" time="0.005" /><testcase classname="cli.test_config_commands_expanded.TestTemplateCommandExpanded" name="test_template_invalid_template" time="0.007" /><testcase classname="cli.test_config_commands_expanded.TestTemplateCommandExpanded" name="test_template_not_found" time="0.007" /><testcase classname="cli.test_config_commands_expanded.TestTemplateCommandExpanded" name="test_template_apply" time="0.017" /><testcase classname="cli.test_config_commands_expanded.TestTemplateCommandExpanded" name="test_template_output_to_file" time="0.011" /><testcase classname="cli.test_config_commands_expanded.TestTemplateCommandExpanded" name="test_template_output_file_write" time="0.013" /><testcase classname="cli.test_config_commands_expanded.TestTemplateCommandExpanded" name="test_template_not_found_early_return" time="0.007" /><testcase classname="cli.test_config_commands_expanded.TestTemplateCommandExpanded" name="test_template_without_metadata" time="0.011" /><testcase classname="cli.test_config_commands_expanded.TestTemplateCommandExpanded" name="test_template_print_to_console" time="0.008" /><testcase classname="cli.test_config_commands_expanded.TestTemplateCommandExpanded" name="test_template_error_handling" time="0.005" /><testcase classname="cli.test_config_commands_expanded.TestProfileCommandExpanded" name="test_profile_invalid_profile" time="0.005" /><testcase classname="cli.test_config_commands_expanded.TestProfileCommandExpanded" name="test_profile_not_found" time="0.006" /><testcase classname="cli.test_config_commands_expanded.TestProfileCommandExpanded" name="test_profile_apply" time="0.021" /><testcase classname="cli.test_config_commands_expanded.TestProfileCommandExpanded" name="test_profile_output_to_file" time="0.011" /><testcase classname="cli.test_config_commands_expanded.TestProfileCommandExpanded" name="test_profile_output_file_write" time="0.010" /><testcase classname="cli.test_config_commands_expanded.TestProfileCommandExpanded" name="test_profile_not_found_early_return" time="0.009" /><testcase classname="cli.test_config_commands_expanded.TestProfileCommandExpanded" name="test_profile_without_metadata" time="0.008" /><testcase classname="cli.test_config_commands_expanded.TestProfileCommandExpanded" name="test_profile_print_to_console" time="0.008" /><testcase classname="cli.test_config_commands_expanded.TestProfileCommandExpanded" name="test_profile_error_handling" time="0.006" /><testcase classname="cli.test_config_commands_expanded.TestBackupCommandExpanded" name="test_backup_no_config_file" time="0.007" /><testcase classname="cli.test_config_commands_expanded.TestBackupCommandExpanded" name="test_backup_success" time="0.011" /><testcase classname="cli.test_config_commands_expanded.TestBackupCommandExpanded" name="test_backup_failure" time="0.012" /><testcase classname="cli.test_config_commands_expanded.TestBackupCommandExpanded" name="test_backup_error_handling" time="0.005" /><testcase classname="cli.test_config_commands_expanded.TestRestoreCommandExpanded" name="test_restore_without_confirm" time="0.006" /><testcase classname="cli.test_config_commands_expanded.TestRestoreCommandExpanded" name="test_restore_with_confirm_success" time="0.007" /><testcase classname="cli.test_config_commands_expanded.TestRestoreCommandExpanded" name="test_restore_with_confirm_failure" time="0.011" /><testcase classname="cli.test_config_commands_expanded.TestRestoreCommandExpanded" name="test_restore_error_handling" time="0.012" /><testcase classname="cli.test_config_commands_expanded.TestListBackupsCommandExpanded" name="test_list_backups_json_format" time="0.007" /><testcase classname="cli.test_config_commands_expanded.TestListBackupsCommandExpanded" name="test_list_backups_empty" time="0.006" /><testcase classname="cli.test_config_commands_expanded.TestListBackupsCommandExpanded" name="test_list_backups_error_handling" time="0.005" /><testcase classname="cli.test_config_commands_expanded.TestDiffCommandExpanded" name="test_diff_success" time="0.009" /><testcase classname="cli.test_config_commands_expanded.TestDiffCommandExpanded" name="test_diff_output_to_file" time="0.014" /><testcase classname="cli.test_config_commands_expanded.TestDiffCommandExpanded" name="test_diff_json_format" time="0.011" /><testcase classname="cli.test_config_commands_expanded.TestDiffCommandExpanded" name="test_diff_unified_format" time="0.011" /><testcase classname="cli.test_config_commands_expanded.TestDiffCommandExpanded" name="test_diff_error_handling" time="0.011" /><testcase classname="cli.test_config_commands_expanded.TestCapabilitiesCommandsExpanded" name="test_capabilities_show_prints_table" time="0.014" /><testcase classname="cli.test_config_commands_expanded.TestCapabilitiesCommandsExpanded" name="test_capabilities_table_bool_values" time="0.008" /><testcase classname="cli.test_config_commands_expanded.TestCapabilitiesCommandsExpanded" name="test_capabilities_table_dict_values" time="0.007" /><testcase classname="cli.test_config_commands_expanded.TestCapabilitiesCommandsExpanded" name="test_capabilities_table_list_values" time="0.008" /><testcase classname="cli.test_config_commands_expanded.TestCapabilitiesCommandsExpanded" name="test_capabilities_table_other_values" time="0.008" /><testcase classname="cli.test_config_commands_expanded.TestCapabilitiesCommandsExpanded" name="test_capabilities_summary_prints_summary" time="0.010" /><testcase classname="cli.test_config_commands_expanded.TestAutoTuneCommandExpanded" name="test_auto_tune_with_apply" time="0.014" /><testcase classname="cli.test_config_commands_expanded.TestAutoTuneCommandExpanded" name="test_auto_tune_with_apply_no_warnings" time="0.011" /><testcase classname="cli.test_config_commands_expanded.TestAutoTuneCommandExpanded" name="test_auto_tune_with_output" time="0.015" /><testcase classname="cli.test_config_commands_expanded.TestAutoTuneCommandExpanded" name="test_auto_tune_error_handling" time="0.009" /><testcase classname="cli.test_config_commands_expanded.TestExportCommandExpanded" name="test_export_toml_format" time="0.012" /><testcase classname="cli.test_config_commands_expanded.TestExportCommandExpanded" name="test_export_json_format" time="0.011" /><testcase classname="cli.test_config_commands_expanded.TestExportCommandExpanded" name="test_export_yaml_format" time="0.024" /><testcase classname="cli.test_config_commands_expanded.TestImportCommandExpanded" name="test_import_success_toml" time="0.013" /><testcase classname="cli.test_config_commands_expanded.TestImportCommandExpanded" name="test_import_auto_detect_json" time="0.021" /><testcase classname="cli.test_config_commands_expanded.TestImportCommandExpanded" name="test_import_auto_detect_yaml" time="0.013" /><testcase classname="cli.test_config_commands_expanded.TestImportCommandExpanded" name="test_import_yaml_format_explicit" time="0.011" /><testcase classname="cli.test_config_commands_expanded.TestImportCommandExpanded" name="test_import_with_config_file_target" time="0.013" /><testcase classname="cli.test_config_commands_expanded.TestImportCommandExpanded" name="test_import_default_target" time="0.016" /><testcase classname="cli.test_config_commands_expanded.TestImportCommandExpanded" name="test_import_invalid_config" time="0.012" /><testcase classname="cli.test_config_commands_expanded.TestValidateCommandExpanded" name="test_validate_basic" time="0.014" /><testcase classname="cli.test_config_commands_expanded.TestValidateCommandExpanded" name="test_validate_detailed_mode_no_warnings" time="0.015" /><testcase classname="cli.test_config_commands_expanded.TestValidateCommandExpanded" name="test_validate_detailed_mode_with_warnings" time="0.014" /><testcase classname="cli.test_config_commands_expanded.TestValidateCommandExpanded" name="test_validate_error_handling" time="0.009" /><testcase classname="cli.test_config_commands_expanded.TestListTemplatesCommandExpanded" name="test_list_templates_json_format" time="0.005" /><testcase classname="cli.test_config_commands_expanded.TestListTemplatesCommandExpanded" name="test_list_templates_error_handling" time="0.009" /><testcase classname="cli.test_config_commands_expanded.TestListTemplatesCommandExpanded" name="test_list_templates_table_format" time="0.009" /><testcase classname="cli.test_config_commands_expanded.TestListProfilesCommandExpanded" name="test_list_profiles_json_format" time="0.005" /><testcase classname="cli.test_config_commands_expanded.TestListProfilesCommandExpanded" name="test_list_profiles_error_handling" time="0.007" /><testcase classname="cli.test_config_commands_expanded.TestListProfilesCommandExpanded" name="test_list_profiles_table_format" time="0.012" /><testcase classname="cli.test_config_commands_expanded_coverage.TestShowConfigExpanded" name="test_show_config_key_success_json" time="0.014" /><testcase classname="cli.test_config_commands_expanded_coverage.TestShowConfigExpanded" name="test_show_config_section_success" time="0.016" /><testcase classname="cli.test_config_commands_expanded_coverage.TestShowConfigExpanded" name="test_show_config_json_format" time="0.015" /><testcase classname="cli.test_config_commands_expanded_coverage.TestShowConfigExpanded" name="test_show_config_yaml_format_success" time="0.035" /><testcase classname="cli.test_config_commands_expanded_coverage.TestShowConfigExpanded" name="test_show_config_key_not_found" time="0.017" /><testcase classname="cli.test_config_commands_expanded_coverage.TestShowConfigExpanded" name="test_show_config_section_not_found" time="0.014" /><testcase classname="cli.test_config_commands_expanded_coverage.TestShowConfigExpanded" name="test_show_config_yaml_import_error" time="0.016" /><testcase classname="cli.test_config_commands_expanded_coverage.TestGetValueExpanded" name="test_get_value_key_success" time="0.015" /><testcase classname="cli.test_config_commands_expanded_coverage.TestGetValueExpanded" name="test_get_value_key_not_found" time="0.016" /><testcase classname="cli.test_config_commands_expanded_coverage.TestGetValueExpanded" name="test_get_value_nested_key_error" time="0.019" /><testcase classname="cli.test_config_commands_expanded_coverage.TestSetValueExpanded" name="test_set_value_default_local" time="0.037" /><testcase classname="cli.test_config_commands_expanded_coverage.TestSetValueExpanded" name="test_set_value_with_global_flag" time="0.016" /><testcase classname="cli.test_config_commands_expanded_coverage.TestSetValueExpanded" name="test_set_value_with_local_flag" time="0.019" /><testcase classname="cli.test_config_commands_expanded_coverage.TestSetValueExpanded" name="test_set_value_file_load_exception" time="0.013" /><testcase classname="cli.test_config_commands_expanded_coverage.TestSetValueExpanded" name="test_set_value_parse_bool_true_variants" time="0.061" /><testcase classname="cli.test_config_commands_expanded_coverage.TestSetValueExpanded" name="test_set_value_parse_bool_false_variants" time="0.076" /><testcase classname="cli.test_config_commands_expanded_coverage.TestSetValueExpanded" name="test_set_value_parse_float" time="0.017" /><testcase classname="cli.test_config_commands_expanded_coverage.TestSetValueExpanded" name="test_set_value_parse_int" time="0.025" /><testcase classname="cli.test_config_commands_expanded_coverage.TestSetValueExpanded" name="test_set_value_parse_string_fallback" time="0.014" /><testcase classname="cli.test_config_commands_expanded_coverage.TestResetConfigExpanded" name="test_reset_config_without_confirm" time="0.006" /><testcase classname="cli.test_config_commands_expanded_coverage.TestResetConfigExpanded" name="test_reset_config_with_confirm_and_key" time="0.043" /><testcase classname="cli.test_config_commands_expanded_coverage.TestResetConfigExpanded" name="test_reset_config_with_confirm_and_section" time="0.030" /><testcase classname="cli.test_config_commands_expanded_coverage.TestResetConfigExpanded" name="test_reset_config_with_confirm_wipe_all" time="0.018" /><testcase classname="cli.test_config_commands_expanded_coverage.TestResetConfigExpanded" name="test_reset_config_key_exception_handling" time="0.015" /><testcase classname="cli.test_config_commands_expanded_coverage.TestResetConfigExpanded" name="test_reset_config_test_env_safeguard" time="0.014" /><testcase classname="cli.test_config_commands_expanded_coverage.TestResetConfigExpanded" name="test_reset_config_safeguard_exception" time="0.013" /><testcase classname="cli.test_config_commands_expanded_coverage.TestValidateConfigExpanded" name="test_validate_config_valid" time="0.014" /><testcase classname="cli.test_config_commands_expanded_coverage.TestValidateConfigExpanded" name="test_validate_config_invalid_exception" time="0.009" /><testcase classname="cli.test_config_commands_expanded_coverage.TestMigrateConfigExpanded" name="test_migrate_config_with_backup" time="0.017" /><testcase classname="cli.test_config_commands_expanded_coverage.TestMigrateConfigExpanded" name="test_migrate_config_without_backup" time="0.016" /><testcase classname="cli.test_config_commands_extended_simple.TestConfigExtendedGroup" name="test_config_extended_group_help" time="0.009" /><testcase classname="cli.test_config_commands_extended_simple.TestSchemaCommand" name="test_schema_default" time="0.087" /><testcase classname="cli.test_config_commands_extended_simple.TestSchemaCommand" name="test_schema_yaml_format" time="0.206" /><testcase classname="cli.test_config_commands_extended_simple.TestSchemaCommand" name="test_schema_with_model" time="0.006" /><testcase classname="cli.test_config_commands_extended_simple.TestSchemaCommand" name="test_schema_with_output_file" time="0.090" /><testcase classname="cli.test_config_commands_extended_simple.TestTemplateCommand" name="test_template_help" time="0.008" /><testcase classname="cli.test_config_commands_extended_simple.TestTemplateCommand" name="test_template_missing_required_name" time="0.007" /><testcase classname="cli.test_config_commands_extended_simple.TestProfileCommand" name="test_profile_help" time="0.007" /><testcase classname="cli.test_config_commands_extended_simple.TestProfileCommand" name="test_profile_missing_required_name" time="0.007" /><testcase classname="cli.test_config_commands_extended_simple.TestBackupCommand" name="test_backup_help" time="0.008" /><testcase classname="cli.test_config_commands_extended_simple.TestBackupCommand" name="test_backup_missing_required_description" time="0.014" /><testcase classname="cli.test_config_commands_extended_simple.TestRestoreCommand" name="test_restore_help" time="0.007" /><testcase classname="cli.test_config_commands_extended_simple.TestRestoreCommand" name="test_restore_missing_required_file" time="0.008" /><testcase classname="cli.test_config_commands_extended_simple.TestListBackupsCommand" name="test_list_backups_default" time="0.135" /><testcase classname="cli.test_config_commands_extended_simple.TestListBackupsCommand" name="test_list_backups_json_format" time="0.127" /><testcase classname="cli.test_config_commands_extended_simple.TestDiffCommand" name="test_diff_help" time="0.007" /><testcase classname="cli.test_config_commands_extended_simple.TestDiffCommand" name="test_diff_missing_required_files" time="0.007" /><testcase classname="cli.test_config_commands_extended_simple.TestCapabilitiesCommands" name="test_capabilities_group_help" time="0.007" /><testcase classname="cli.test_config_commands_extended_simple.TestCapabilitiesCommands" name="test_capabilities_show" time="0.168" /><testcase classname="cli.test_config_commands_extended_simple.TestCapabilitiesCommands" name="test_capabilities_summary" time="0.120" /><testcase classname="cli.test_config_commands_extended_simple.TestAutoTuneCommand" name="test_auto_tune_help" time="0.007" /><testcase classname="cli.test_config_commands_extended_simple.TestAutoTuneCommand" name="test_auto_tune_dry_run" time="0.151" /><testcase classname="cli.test_config_commands_extended_simple.TestExportCommand" name="test_export_help" time="0.005" /><testcase classname="cli.test_config_commands_extended_simple.TestExportCommand" name="test_export_missing_required_output" time="0.005" /><testcase classname="cli.test_config_commands_extended_simple.TestImportCommand" name="test_import_help" time="0.007" /><testcase classname="cli.test_config_commands_extended_simple.TestImportCommand" name="test_import_missing_required_input" time="0.007" /><testcase classname="cli.test_config_commands_extended_simple.TestValidateCommand" name="test_validate_help" time="0.006" /><testcase classname="cli.test_config_commands_extended_simple.TestValidateCommand" name="test_validate_default" time="0.010" /><testcase classname="cli.test_config_commands_extended_simple.TestListTemplatesCommand" name="test_list_templates_default" time="0.011" /><testcase classname="cli.test_config_commands_extended_simple.TestListTemplatesCommand" name="test_list_templates_json_format" time="0.006" /><testcase classname="cli.test_config_commands_extended_simple.TestListProfilesCommand" name="test_list_profiles_default" time="0.012" /><testcase classname="cli.test_config_commands_extended_simple.TestListProfilesCommand" name="test_list_profiles_json_format" time="0.007" /><testcase classname="cli.test_config_commands_extended_simple.TestCommandIntegration" name="test_all_commands_exist" time="0.007" /><testcase classname="cli.test_config_commands_extended_simple.TestCommandIntegration" name="test_invalid_command" time="0.007" /><testcase classname="cli.test_config_commands_simple.TestConfigGroup" name="test_config_group_help" time="0.008" /><testcase classname="cli.test_config_commands_simple.TestShowConfigCommand" name="test_show_config_help" time="0.006" /><testcase classname="cli.test_config_commands_simple.TestShowConfigCommand" name="test_show_config_default" time="0.011" /><testcase classname="cli.test_config_commands_simple.TestShowConfigCommand" name="test_show_config_json_format" time="0.009" /><testcase classname="cli.test_config_commands_simple.TestShowConfigCommand" name="test_show_config_yaml_format" time="0.032" /><testcase classname="cli.test_config_commands_simple.TestShowConfigCommand" name="test_show_config_with_section" time="0.011" /><testcase classname="cli.test_config_commands_simple.TestShowConfigCommand" name="test_show_config_with_key" time="0.012" /><testcase classname="cli.test_config_commands_simple.TestShowConfigCommand" name="test_show_config_with_file" time="0.013" /><testcase classname="cli.test_config_commands_simple.TestGetValueCommand" name="test_get_value_help" time="0.007" /><testcase classname="cli.test_config_commands_simple.TestGetValueCommand" name="test_get_value_missing_key" time="0.008" /><testcase classname="cli.test_config_commands_simple.TestGetValueCommand" name="test_get_value_with_key" time="0.011" /><testcase classname="cli.test_config_commands_simple.TestGetValueCommand" name="test_get_value_with_file" time="0.011" /><testcase classname="cli.test_config_commands_simple.TestSetValueCommand" name="test_set_value_help" time="0.007" /><testcase classname="cli.test_config_commands_simple.TestSetValueCommand" name="test_set_value_missing_arguments" time="0.007" /><testcase classname="cli.test_config_commands_simple.TestSetValueCommand" name="test_set_value_with_key_value" time="0.010" /><testcase classname="cli.test_config_commands_simple.TestSetValueCommand" name="test_set_value_with_file" time="0.009" /><testcase classname="cli.test_config_commands_simple.TestSetValueCommand" name="test_set_value_with_force" time="0.008" /><testcase classname="cli.test_config_commands_simple.TestResetConfigCommand" name="test_reset_config_help" time="0.007" /><testcase classname="cli.test_config_commands_simple.TestResetConfigCommand" name="test_reset_config_default" time="0.007" /><testcase classname="cli.test_config_commands_simple.TestResetConfigCommand" name="test_reset_config_with_file" time="0.008" /><testcase classname="cli.test_config_commands_simple.TestResetConfigCommand" name="test_reset_config_with_confirm" time="0.011" /><testcase classname="cli.test_config_commands_simple.TestValidateConfigCommand" name="test_validate_config_help" time="0.007" /><testcase classname="cli.test_config_commands_simple.TestValidateConfigCommand" name="test_validate_config_default" time="0.011" /><testcase classname="cli.test_config_commands_simple.TestValidateConfigCommand" name="test_validate_config_with_file" time="0.011" /><testcase classname="cli.test_config_commands_simple.TestMigrateConfigCommand" name="test_migrate_config_help" time="0.008" /><testcase classname="cli.test_config_commands_simple.TestMigrateConfigCommand" name="test_migrate_config_default" time="0.008" /><testcase classname="cli.test_config_commands_simple.TestMigrateConfigCommand" name="test_migrate_config_with_file" time="0.012" /><testcase classname="cli.test_config_commands_simple.TestMigrateConfigCommand" name="test_migrate_config_with_dry_run" time="0.007" /><testcase classname="cli.test_config_commands_simple.TestCommandIntegration" name="test_all_commands_exist" time="0.008" /><testcase classname="cli.test_config_commands_simple.TestCommandIntegration" name="test_invalid_command" time="0.007" /><testcase classname="cli.test_config_commands_simple.TestCommandIntegration" name="test_command_help_consistency" time="0.014" /><testcase classname="cli.test_config_interactive_extended" name="test_interactive_capabilities_commands_run" time="0.259" /><testcase classname="cli.test_config_interactive_extended" name="test_interactive_template_list_runs" time="0.013" /><testcase classname="cli.test_config_interactive_extended" name="test_interactive_profile_list_runs" time="0.013" /><testcase classname="cli.test_config_interactive_extended" name="test_interactive_auto_tune_preview_runs" time="0.163" /><testcase classname="cli.test_enhanced_options" name="test_download_parses_network_and_disk_options" time="0.015" /><testcase classname="cli.test_enhanced_options" name="test_magnet_parses_options" time="0.009" /><testcase classname="cli.test_entry_points" name="test___main___daemon_status_quick_exit" time="0.011" /><testcase classname="cli.test_entry_points" name="test_async_main_sync_wrapper_daemon_status" time="5.288" /><testcase classname="cli.test_interactive_basic.TestInteractiveModule" name="test_module_imports" time="0.003" /><testcase classname="cli.test_interactive_basic.TestInteractiveModule" name="test_interactive_cli_class_exists" time="0.002" /><testcase classname="cli.test_interactive_basic.TestInteractiveModule" name="test_interactive_cli_class_has_docstring" time="0.002" /><testcase classname="cli.test_interactive_basic.TestInteractiveModule" name="test_interactive_module_structure" time="0.002" /><testcase classname="cli.test_interactive_basic.TestInteractiveModule" name="test_interactive_cli_class_has_init" time="0.002" /><testcase classname="cli.test_interactive_basic.TestInteractiveModule" name="test_interactive_cli_class_has_some_methods" time="0.002" /><testcase classname="cli.test_interactive_basic.TestInteractiveModule" name="test_interactive_cli_class_has_private_methods" time="0.002" /><testcase classname="cli.test_interactive_basic.TestInteractiveModule" name="test_interactive_cli_class_has_expected_attributes" time="0.002" /><testcase classname="cli.test_interactive_basic.TestInteractiveModule" name="test_interactive_cli_class_is_well_structured" time="0.002" /><testcase classname="cli.test_interactive_basic.TestInteractiveModule" name="test_interactive_cli_class_has_expected_methods_count" time="0.002" /><testcase classname="cli.test_interactive_basic.TestInteractiveModule" name="test_interactive_cli_class_has_expected_attributes_count" time="0.002" /><testcase classname="cli.test_interactive_basic.TestInteractiveModule" name="test_interactive_cli_class_has_expected_private_methods_count" time="0.002" /><testcase classname="cli.test_interactive_basic.TestInteractiveModule" name="test_interactive_cli_class_has_expected_public_methods_count" time="0.002" /><testcase classname="cli.test_interactive_basic.TestInteractiveModule" name="test_interactive_cli_class_has_expected_total_methods_count" time="0.002" /><testcase classname="cli.test_interactive_basic.TestInteractiveModule" name="test_interactive_cli_class_has_expected_total_attributes_count" time="0.002" /><testcase classname="cli.test_interactive_basic.TestInteractiveModule" name="test_interactive_cli_class_has_expected_total_count" time="0.002" /><testcase classname="cli.test_interactive_commands_comprehensive" name="test_cmd_capabilities_show" time="0.006" /><testcase classname="cli.test_interactive_commands_comprehensive" name="test_cmd_capabilities_summary" time="0.006" /><testcase classname="cli.test_interactive_commands_comprehensive" name="test_cmd_auto_tune_preview" time="0.006" /><testcase classname="cli.test_interactive_commands_comprehensive" name="test_cmd_auto_tune_apply" time="0.006" /><testcase classname="cli.test_interactive_commands_comprehensive" name="test_cmd_auto_tune_with_warnings" time="0.006" /><testcase classname="cli.test_interactive_commands_comprehensive" name="test_cmd_template_list" time="0.006" /><testcase classname="cli.test_interactive_commands_comprehensive" name="test_cmd_template_list_empty" time="0.006" /><testcase classname="cli.test_interactive_commands_comprehensive" name="test_cmd_template_apply" time="0.007" /><testcase classname="cli.test_interactive_commands_comprehensive" name="test_cmd_template_apply_with_strategy" time="0.006" /><testcase classname="cli.test_interactive_commands_comprehensive" name="test_cmd_template_usage_error" time="0.006" /><testcase classname="cli.test_interactive_commands_comprehensive" name="test_cmd_profile_list" time="0.006" /><testcase classname="cli.test_interactive_commands_comprehensive" name="test_cmd_profile_list_empty" time="0.006" /><testcase classname="cli.test_interactive_commands_comprehensive" name="test_cmd_profile_apply" time="0.007" /><testcase classname="cli.test_interactive_commands_comprehensive" name="test_cmd_profile_usage_error" time="0.006" /><testcase classname="cli.test_interactive_commands_comprehensive" name="test_cmd_config_backup_list" time="0.007" /><testcase classname="cli.test_interactive_commands_comprehensive" name="test_cmd_config_backup_list_empty" time="0.006" /><testcase classname="cli.test_interactive_commands_comprehensive" name="test_cmd_config_backup_create" time="0.006" /><testcase classname="cli.test_interactive_commands_comprehensive" name="test_cmd_config_backup_create_with_description" time="0.007" /><testcase classname="cli.test_interactive_commands_comprehensive" name="test_cmd_config_backup_create_no_config_file" time="0.006" /><testcase classname="cli.test_interactive_commands_comprehensive" name="test_cmd_config_backup_restore" time="0.018" /><testcase classname="cli.test_interactive_commands_comprehensive" name="test_cmd_config_backup_restore_failure" time="0.030" /><testcase classname="cli.test_interactive_commands_comprehensive" name="test_cmd_limits_show" time="0.029" /><testcase classname="cli.test_interactive_commands_comprehensive" name="test_cmd_limits_show_not_found" time="0.030" /><testcase classname="cli.test_interactive_commands_comprehensive" name="test_cmd_limits_set" time="0.006" /><testcase classname="cli.test_interactive_commands_comprehensive" name="test_cmd_limits_set_not_supported" time="0.006" /><testcase classname="cli.test_interactive_commands_comprehensive" name="test_cmd_limits_usage_error" time="0.006" /><testcase classname="cli.test_interactive_commands_comprehensive" name="test_cmd_limits_set_insufficient_args" time="0.006" /><testcase classname="cli.test_interactive_commands_comprehensive" name="test_cmd_limits_unknown_subcommand" time="0.007" /><testcase classname="cli.test_interactive_commands_comprehensive" name="test_cmd_strategy_show" time="0.006" /><testcase classname="cli.test_interactive_commands_comprehensive" name="test_cmd_strategy_piece_selection" time="0.007" /><testcase classname="cli.test_interactive_commands_comprehensive" name="test_cmd_strategy_piece_selection_error" time="0.007" /><testcase classname="cli.test_interactive_commands_comprehensive" name="test_cmd_discovery_show" time="0.007" /><testcase classname="cli.test_interactive_commands_comprehensive" name="test_cmd_discovery_dht_toggle" time="0.007" /><testcase classname="cli.test_interactive_commands_comprehensive" name="test_cmd_discovery_pex_toggle" time="0.007" /><testcase classname="cli.test_interactive_commands_comprehensive" name="test_cmd_disk" time="0.007" /><testcase classname="cli.test_interactive_commands_comprehensive" name="test_cmd_network" time="0.007" /><testcase classname="cli.test_interactive_commands_comprehensive" name="test_cmd_checkpoint_list" time="0.033" /><testcase classname="cli.test_interactive_commands_comprehensive" name="test_cmd_checkpoint_list_empty" time="0.007" /><testcase classname="cli.test_interactive_commands_comprehensive" name="test_cmd_checkpoint_usage_error" time="0.006" /><testcase classname="cli.test_interactive_commands_comprehensive" name="test_cmd_metrics_show_all" time="0.006" /><testcase classname="cli.test_interactive_commands_comprehensive" name="test_cmd_metrics_show_system" time="0.007" /><testcase classname="cli.test_interactive_commands_comprehensive" name="test_cmd_metrics_show_performance" time="0.008" /><testcase classname="cli.test_interactive_commands_comprehensive" name="test_cmd_metrics_export_json" time="0.007" /><testcase classname="cli.test_interactive_commands_comprehensive" name="test_cmd_metrics_export_prometheus" time="0.007" /><testcase classname="cli.test_interactive_commands_comprehensive" name="test_cmd_metrics_export_with_output_file" time="0.007" /><testcase classname="cli.test_interactive_commands_comprehensive" name="test_cmd_alerts_list" time="0.007" /><testcase classname="cli.test_interactive_commands_comprehensive" name="test_cmd_alerts_list_empty" time="0.006" /><testcase classname="cli.test_interactive_commands_comprehensive" name="test_cmd_alerts_list_active" time="0.007" /><testcase classname="cli.test_interactive_commands_comprehensive" name="test_cmd_alerts_list_active_empty" time="0.007" /><testcase classname="cli.test_interactive_commands_comprehensive" name="test_cmd_alerts_add" time="0.007" /><testcase classname="cli.test_interactive_commands_comprehensive" name="test_cmd_alerts_add_default_severity" time="0.007" /><testcase classname="cli.test_interactive_commands_comprehensive" name="test_cmd_alerts_remove" time="0.007" /><testcase classname="cli.test_interactive_commands_comprehensive" name="test_cmd_alerts_clear" time="0.007" /><testcase classname="cli.test_interactive_commands_comprehensive" name="test_cmd_export" time="0.007" /><testcase classname="cli.test_interactive_commands_comprehensive" name="test_cmd_export_usage_error" time="0.007" /><testcase classname="cli.test_interactive_commands_comprehensive" name="test_cmd_import" time="0.010" /><testcase classname="cli.test_interactive_commands_comprehensive" name="test_cmd_import_usage_error" time="0.006" /><testcase classname="cli.test_interactive_commands_comprehensive" name="test_cmd_backup" time="0.007" /><testcase classname="cli.test_interactive_commands_comprehensive" name="test_cmd_backup_usage_error" time="0.006" /><testcase classname="cli.test_interactive_commands_comprehensive" name="test_cmd_restore" time="0.007" /><testcase classname="cli.test_interactive_commands_comprehensive" name="test_cmd_restore_usage_error" time="0.006" /><testcase classname="cli.test_interactive_commands_comprehensive" name="test_cmd_config_diff" time="0.008" /><testcase classname="cli.test_interactive_commands_comprehensive" name="test_cmd_config_diff_usage_error" time="0.009" /><testcase classname="cli.test_interactive_commands_comprehensive" name="test_cmd_config_export_json" time="0.007" /><testcase classname="cli.test_interactive_commands_comprehensive" name="test_cmd_config_export_toml" time="0.008" /><testcase classname="cli.test_interactive_commands_comprehensive" name="test_cmd_config_export_yaml" time="0.009" /><testcase classname="cli.test_interactive_commands_comprehensive" name="test_cmd_config_export_yaml_not_installed" time="0.008" /><testcase classname="cli.test_interactive_commands_comprehensive" name="test_cmd_config_export_usage_error" time="0.007" /><testcase classname="cli.test_interactive_commands_comprehensive" name="test_cmd_config_import_json" time="0.009" /><testcase classname="cli.test_interactive_commands_comprehensive" name="test_cmd_config_import_usage_error" time="0.009" /><testcase classname="cli.test_interactive_commands_comprehensive" name="test_cmd_config_schema" time="0.008" /><testcase classname="cli.test_interactive_commands_comprehensive" name="test_cmd_config_show_all" time="0.009" /><testcase classname="cli.test_interactive_commands_comprehensive" name="test_cmd_config_show_section" time="0.009" /><testcase classname="cli.test_interactive_commands_comprehensive" name="test_cmd_config_show_key_not_found" time="0.009" /><testcase classname="cli.test_interactive_commands_comprehensive" name="test_cmd_config_get" time="0.009" /><testcase classname="cli.test_interactive_commands_comprehensive" name="test_cmd_config_get_usage_error" time="0.011" /><testcase classname="cli.test_interactive_commands_comprehensive" name="test_cmd_config_get_key_not_found" time="0.009" /><testcase classname="cli.test_interactive_commands_comprehensive" name="test_cmd_config_usage_error" time="0.011" /><testcase classname="cli.test_interactive_commands_comprehensive" name="test_cmd_config_set" time="0.012" /><testcase classname="cli.test_interactive_commands_comprehensive" name="test_cmd_config_set_boolean_true" time="0.010" /><testcase classname="cli.test_interactive_commands_comprehensive" name="test_cmd_config_set_boolean_false" time="0.011" /><testcase classname="cli.test_interactive_commands_comprehensive" name="test_cmd_config_set_float" time="0.013" /><testcase classname="cli.test_interactive_commands_comprehensive" name="test_cmd_config_set_error" time="0.014" /><testcase classname="cli.test_interactive_commands_comprehensive" name="test_cmd_config_set_usage_error" time="0.113" /><testcase classname="cli.test_interactive_commands_comprehensive" name="test_cmd_config_reload" time="0.017" /><testcase classname="cli.test_interactive_commands_comprehensive" name="test_cmd_config_reload_error" time="0.019" /><testcase classname="cli.test_interactive_commands_comprehensive" name="test_cmd_config_unknown_subcommand" time="0.015" /><testcase classname="cli.test_interactive_commands_comprehensive" name="test_cmd_alerts_load" time="0.013" /><testcase classname="cli.test_interactive_commands_comprehensive" name="test_cmd_alerts_save" time="0.013" /><testcase classname="cli.test_interactive_commands_comprehensive" name="test_cmd_alerts_test" time="0.013" /><testcase classname="cli.test_interactive_commands_comprehensive" name="test_cmd_alerts_test_rule_not_found" time="0.015" /><testcase classname="cli.test_interactive_commands_comprehensive" name="test_cmd_alerts_test_string_value" time="0.014" /><testcase classname="cli.test_interactive_commands_comprehensive" name="test_download_torrent_completion_seeding" time="0.015" /><testcase classname="cli.test_interactive_commands_comprehensive" name="test_download_torrent_no_status" time="0.013" /><testcase classname="cli.test_interactive_commands_comprehensive" name="test_update_download_stats" time="0.013" /><testcase classname="cli.test_interactive_commands_comprehensive" name="test_update_download_stats_no_torrent" time="0.011" /><testcase classname="cli.test_interactive_commands_comprehensive" name="test_update_download_stats_no_info_hash" time="0.013" /><testcase classname="cli.test_interactive_commands_comprehensive" name="test_update_download_stats_no_status" time="0.013" /><testcase classname="cli.test_interactive_commands_comprehensive" name="test_update_download_stats_peers_exception" time="0.012" /><testcase classname="cli.test_interactive_commands_comprehensive" name="test_update_download_stats_with_progress" time="0.015" /><testcase classname="cli.test_interactive_commands_comprehensive" name="test_create_peers_panel" time="0.012" /><testcase classname="cli.test_interactive_commands_comprehensive" name="test_create_peers_panel_dict_peers" time="0.013" /><testcase classname="cli.test_interactive_commands_comprehensive" name="test_cmd_config_import_yaml_not_installed" time="0.012" /><testcase classname="cli.test_interactive_corrected.TestInteractiveModule" name="test_module_imports" time="0.004" /><testcase classname="cli.test_interactive_corrected.TestInteractiveModule" name="test_interactive_cli_class_exists" time="0.006" /><testcase classname="cli.test_interactive_corrected.TestInteractiveModule" name="test_interactive_cli_instantiation" time="0.005" /><testcase classname="cli.test_interactive_corrected.TestInteractiveModule" name="test_interactive_cli_methods_exist" time="0.004" /><testcase classname="cli.test_interactive_corrected.TestInteractiveModule" name="test_interactive_cli_async_methods" time="0.005" /><testcase classname="cli.test_interactive_corrected.TestInteractiveModule" name="test_interactive_module_structure" time="0.005" /><testcase classname="cli.test_interactive_corrected.TestInteractiveModule" name="test_interactive_cli_docstring" time="0.006" /><testcase classname="cli.test_interactive_corrected.TestInteractiveModule" name="test_interactive_cli_methods_have_docstrings" time="0.007" /><testcase classname="cli.test_interactive_corrected.TestInteractiveModule" name="test_interactive_cli_initialization" time="0.006" /><testcase classname="cli.test_interactive_corrected.TestInteractiveModule" name="test_interactive_cli_context_manager" time="0.007" /><testcase classname="cli.test_interactive_enhanced" name="test_interactive_basic_commands" time="0.015" /><testcase classname="cli.test_interactive_enhanced" name="test_interactive_config_and_limits" time="0.052" /><testcase classname="cli.test_interactive_enhanced" name="test_interactive_checkpoint_and_alerts" time="0.019" /><testcase classname="cli.test_interactive_expanded" name="test_interactive_cli_init" time="0.010" /><testcase classname="cli.test_interactive_expanded" name="test_cmd_help" time="0.013" /><testcase classname="cli.test_interactive_expanded" name="test_cmd_status_no_torrent" time="0.014" /><testcase classname="cli.test_interactive_expanded" name="test_cmd_status_with_torrent" time="0.010" /><testcase classname="cli.test_interactive_expanded" name="test_cmd_status_with_progress_percentage" time="0.011" /><testcase classname="cli.test_interactive_expanded" name="test_cmd_peers_no_torrent" time="0.013" /><testcase classname="cli.test_interactive_expanded" name="test_cmd_peers_no_peers" time="0.011" /><testcase classname="cli.test_interactive_expanded" name="test_cmd_peers_with_peers" time="0.013" /><testcase classname="cli.test_interactive_expanded" name="test_cmd_peers_with_peer_exception" time="0.009" /><testcase classname="cli.test_interactive_expanded" name="test_cmd_peers_with_dict_peers" time="0.013" /><testcase classname="cli.test_interactive_expanded" name="test_cmd_files_no_torrent" time="0.013" /><testcase classname="cli.test_interactive_expanded" name="test_cmd_files_with_files" time="0.013" /><testcase classname="cli.test_interactive_expanded" name="test_cmd_files_with_files_as_attr" time="0.012" /><testcase classname="cli.test_interactive_expanded" name="test_cmd_pause_no_torrent" time="0.013" /><testcase classname="cli.test_interactive_expanded" name="test_cmd_pause_with_torrent" time="0.013" /><testcase classname="cli.test_interactive_expanded" name="test_cmd_resume_no_torrent" time="0.010" /><testcase classname="cli.test_interactive_expanded" name="test_cmd_resume_with_torrent" time="0.013" /><testcase classname="cli.test_interactive_expanded" name="test_cmd_stop_no_torrent" time="0.010" /><testcase classname="cli.test_interactive_expanded" name="test_cmd_stop_with_torrent" time="0.012" /><testcase classname="cli.test_interactive_expanded" name="test_cmd_stop_no_remove_method" time="0.014" /><testcase classname="cli.test_interactive_expanded" name="test_cmd_quit" time="0.012" /><testcase classname="cli.test_interactive_expanded" name="test_cmd_clear" time="0.013" /><testcase classname="cli.test_interactive_expanded" name="test_update_download_stats_with_status" time="0.013" /><testcase classname="cli.test_interactive_expanded" name="test_update_download_stats_no_status" time="0.010" /><testcase classname="cli.test_interactive_expanded" name="test_update_download_stats_exception" time="0.009" /><testcase classname="cli.test_interactive_expanded" name="test_update_display" time="0.014" /><testcase classname="cli.test_interactive_expanded" name="test_update_display_no_torrent" time="0.014" /><testcase classname="cli.test_interactive_expanded" name="test_download_torrent" time="0.014" /><testcase classname="cli.test_interactive_expanded" name="test_download_torrent_with_resume" time="0.013" /><testcase classname="cli.test_interactive_expanded" name="test_cmd_config_basic" time="0.012" /><testcase classname="cli.test_interactive_expanded" name="test_cmd_limits" time="0.012" /><testcase classname="cli.test_interactive_expanded" name="test_cmd_strategy" time="0.011" /><testcase classname="cli.test_interactive_expanded" name="test_cmd_discovery" time="0.012" /><testcase classname="cli.test_interactive_expanded" name="test_cmd_disk" time="0.011" /><testcase classname="cli.test_interactive_expanded" name="test_cmd_network" time="0.010" /><testcase classname="cli.test_interactive_expanded" name="test_cmd_checkpoint" time="0.010" /><testcase classname="cli.test_interactive_expanded" name="test_cmd_metrics" time="0.015" /><testcase classname="cli.test_interactive_expanded" name="test_cmd_alerts" time="0.010" /><testcase classname="cli.test_interactive_expanded" name="test_cmd_export" time="0.011" /><testcase classname="cli.test_interactive_expanded" name="test_cmd_import" time="0.025" /><testcase classname="cli.test_interactive_expanded" name="test_cmd_backup" time="0.012" /><testcase classname="cli.test_interactive_expanded" name="test_cmd_restore" time="0.012" /><testcase classname="cli.test_interactive_expanded" name="test_cmd_capabilities" time="0.159" /><testcase classname="cli.test_interactive_expanded" name="test_cmd_auto_tune" time="0.132" /><testcase classname="cli.test_interactive_expanded" name="test_cmd_template" time="0.012" /><testcase classname="cli.test_interactive_expanded" name="test_cmd_profile" time="0.013" /><testcase classname="cli.test_interactive_expanded" name="test_cmd_config_backup" time="0.018" /><testcase classname="cli.test_interactive_expanded" name="test_cmd_config_diff" time="0.012" /><testcase classname="cli.test_interactive_expanded" name="test_cmd_config_export" time="0.010" /><testcase classname="cli.test_interactive_expanded" name="test_cmd_config_import" time="0.012" /><testcase classname="cli.test_interactive_expanded" name="test_cmd_config_schema" time="0.074" /><testcase classname="cli.test_interactive_expanded" name="test_run_method_keyboard_interrupt" time="0.013"><skipped type="pytest.skip" message="KeyboardInterrupt test skipped in coverage runs to prevent early test suite exit. This test intentionally raises KeyboardInterrupt which pytest may interpret as a real user interrupt, causing the test suite to exit at 94%. Run with --no-cov to execute this test.">C:\Users\claud\proj\bittorrentclient\tests\cli\test_interactive_expanded.py:671: KeyboardInterrupt test skipped in coverage runs to prevent early test suite exit. This test intentionally raises KeyboardInterrupt which pytest may interpret as a real user interrupt, causing the test suite to exit at 94%. Run with --no-cov to execute this test.</skipped></testcase><testcase classname="cli.test_interactive_expanded" name="test_setup_layout" time="0.012" /><testcase classname="cli.test_interactive_expanded" name="test_show_welcome" time="0.008" /><testcase classname="cli.test_interactive_expanded" name="test_show_download_interface" time="0.015" /><testcase classname="cli.test_interactive_expanded" name="test_create_peers_panel" time="0.008" /><testcase classname="cli.test_interactive_expanded" name="test_create_status_panel" time="0.013" /><testcase classname="cli.test_interactive_expanded_coverage" name="test_update_download_stats_no_torrent" time="0.013" /><testcase classname="cli.test_interactive_expanded_coverage" name="test_update_download_stats_with_status" time="0.014" /><testcase classname="cli.test_interactive_expanded_coverage" name="test_update_download_stats_with_peers_exception" time="0.013" /><testcase classname="cli.test_interactive_expanded_coverage" name="test_update_download_stats_no_status_use_torrent" time="0.011" /><testcase classname="cli.test_interactive_expanded_coverage" name="test_update_download_stats_with_dict_torrent" time="0.012" /><testcase classname="cli.test_interactive_expanded_coverage" name="test_update_download_stats_exception_handling" time="0.011" /><testcase classname="cli.test_interactive_expanded_coverage" name="test_cmd_limits_invalid_args" time="0.008" /><testcase classname="cli.test_interactive_expanded_coverage" name="test_cmd_limits_show_not_found" time="0.011" /><testcase classname="cli.test_interactive_expanded_coverage" name="test_cmd_limits_show_success" time="0.011" /><testcase classname="cli.test_interactive_expanded_coverage" name="test_cmd_limits_set_invalid_args" time="0.009" /><testcase classname="cli.test_interactive_expanded_coverage" name="test_cmd_limits_set_success" time="0.013" /><testcase classname="cli.test_interactive_expanded_coverage" name="test_cmd_limits_set_failed" time="0.013" /><testcase classname="cli.test_interactive_expanded_coverage" name="test_cmd_limits_set_not_supported" time="0.012" /><testcase classname="cli.test_interactive_expanded_coverage" name="test_cmd_limits_unknown_subcommand" time="0.011" /><testcase classname="cli.test_interactive_expanded_coverage" name="test_cmd_strategy_show" time="0.013" /><testcase classname="cli.test_interactive_expanded_coverage" name="test_cmd_strategy_piece_selection_success" time="0.011" /><testcase classname="cli.test_interactive_expanded_coverage" name="test_cmd_discovery_show" time="0.011" /><testcase classname="cli.test_interactive_expanded_coverage" name="test_cmd_discovery_dht_toggle" time="0.010" /><testcase classname="cli.test_interactive_expanded_coverage" name="test_cmd_discovery_pex_toggle" time="0.013" /><testcase classname="cli.test_interactive_expanded_coverage" name="test_cmd_disk" time="0.012" /><testcase classname="cli.test_interactive_expanded_coverage" name="test_cmd_network" time="0.012" /><testcase classname="cli.test_interactive_expanded_coverage" name="test_cmd_stop_no_remove_method" time="0.012" /><testcase classname="cli.test_interactive_expanded_coverage" name="test_cmd_stop_success" time="0.012" /><testcase classname="cli.test_interactive_expanded_coverage" name="test_cmd_quit_with_confirm" time="0.014" /><testcase classname="cli.test_interactive_expanded_coverage" name="test_cmd_quit_without_confirm" time="0.012" /><testcase classname="cli.test_interactive_expanded_coverage" name="test_cmd_clear" time="0.009" /><testcase classname="cli.test_interactive_runloop.TestInteractiveRunLoop" name="test_run_loop_keyboard_interrupt" time="0.007"><skipped type="pytest.skip" message="KeyboardInterrupt test skipped in coverage runs to prevent early test suite exit. This test intentionally raises KeyboardInterrupt which pytest may interpret as a real user interrupt, causing the test suite to exit at 94%. Run with --no-cov to execute this test.">C:\Users\claud\proj\bittorrentclient\tests\cli\test_interactive_runloop.py:60: KeyboardInterrupt test skipped in coverage runs to prevent early test suite exit. This test intentionally raises KeyboardInterrupt which pytest may interpret as a real user interrupt, causing the test suite to exit at 94%. Run with --no-cov to execute this test.</skipped></testcase><testcase classname="cli.test_interactive_runloop.TestInteractiveRunLoop" name="test_status_no_torrent_and_basic_commands" time="0.008" /><testcase classname="cli.test_interactive_runloop.TestInteractiveRunLoop" name="test_download_interface_and_updates" time="0.007" /><testcase classname="cli.test_main_checkpoints_resume" name="test_checkpoints_list_empty" time="0.016" /><testcase classname="cli.test_main_checkpoints_resume" name="test_checkpoints_list_non_empty" time="0.020" /><testcase classname="cli.test_main_checkpoints_resume" name="test_checkpoints_clean_dry_run" time="0.013" /><testcase classname="cli.test_main_checkpoints_resume" name="test_checkpoints_clean_actual" time="0.014" /><testcase classname="cli.test_main_checkpoints_resume" name="test_checkpoints_delete_invalid_hash" time="0.013" /><testcase classname="cli.test_main_checkpoints_resume" name="test_checkpoints_verify_valid_and_invalid" time="0.014" /><testcase classname="cli.test_main_checkpoints_resume" name="test_checkpoints_delete_valid_and_missing" time="0.020" /><testcase classname="cli.test_main_checkpoints_resume" name="test_checkpoints_export_backup_restore_migrate_minimal_paths" time="0.051" /><testcase classname="cli.test_main_checkpoints_resume" name="test_resume_missing_checkpoint_and_config_show" time="0.005" /><testcase classname="cli.test_main_checkpoints_resume" name="test_resume_download_success_unit" time="0.015" /><testcase classname="cli.test_main_corrected.TestMainCLI" name="test_cli_help" time="0.009" /><testcase classname="cli.test_main_corrected.TestMainCLI" name="test_cli_invalid_command" time="0.008" /><testcase classname="cli.test_main_corrected.TestMainCLI" name="test_cli_subcommands_exist" time="0.008" /><testcase classname="cli.test_main_corrected.TestDownloadCommand" name="test_download_help" time="0.018" /><testcase classname="cli.test_main_corrected.TestDownloadCommand" name="test_download_missing_torrent" time="0.013" /><testcase classname="cli.test_main_corrected.TestDownloadCommand" name="test_download_with_torrent" time="0.013" /><testcase classname="cli.test_main_corrected.TestDownloadCommand" name="test_download_with_magnet" time="0.020" /><testcase classname="cli.test_main_corrected.TestWebCommand" name="test_web_help" time="0.012" /><testcase classname="cli.test_main_corrected.TestWebCommand" name="test_web_start" time="0.018" /><testcase classname="cli.test_main_corrected.TestStatusCommand" name="test_status_help" time="0.011" /><testcase classname="cli.test_main_corrected.TestStatusCommand" name="test_status_command" time="0.022" /><testcase classname="cli.test_main_corrected.TestTestCommand" name="test_test_help" time="0.011" /><testcase classname="cli.test_main_corrected.TestTestCommand" name="test_test_command" time="0.014" /><testcase classname="cli.test_main_corrected.TestConfigCommand" name="test_config_help" time="0.013" /><testcase classname="cli.test_main_corrected.TestConfigCommand" name="test_config_show" time="0.015" /><testcase classname="cli.test_main_corrected.TestMonitoringCommands" name="test_dashboard_help" time="0.012" /><testcase classname="cli.test_main_corrected.TestMonitoringCommands" name="test_alerts_help" time="0.013" /><testcase classname="cli.test_main_corrected.TestMonitoringCommands" name="test_metrics_help" time="0.012" /><testcase classname="cli.test_main_corrected.TestAdvancedCommands" name="test_performance_help" time="0.009" /><testcase classname="cli.test_main_corrected.TestAdvancedCommands" name="test_security_help" time="0.012" /><testcase classname="cli.test_main_corrected.TestAdvancedCommands" name="test_recover_help" time="0.010" /><testcase classname="cli.test_main_corrected.TestCLIIntegration" name="test_all_commands_accessible" time="0.088" /><testcase classname="cli.test_main_corrected.TestCLIIntegration" name="test_command_error_handling" time="0.009" /><testcase classname="cli.test_main_corrected.TestCLIIntegration" name="test_cli_consistency" time="0.077" /><testcase classname="cli.test_main_deep_paths" name="test_magnet_checkpoint_confirm_yes" time="0.019" /><testcase classname="cli.test_main_deep_paths" name="test_magnet_checkpoint_confirm_no" time="0.019" /><testcase classname="cli.test_main_deep_paths" name="test_download_monitor_path" time="0.016" /><testcase classname="cli.test_main_deep_paths" name="test_download_value_error" time="0.015" /><testcase classname="cli.test_main_deep_paths" name="test_download_checkpoint_confirm_yes_and_no" time="0.017" /><testcase classname="cli.test_main_deep_paths" name="test_web_coroutine_path_runs" time="0.014" /><testcase classname="cli.test_main_deep_paths" name="test_resume_download_error_branches" time="0.015" /><testcase classname="cli.test_main_deep_paths" name="test_resume_cli_help" time="0.012" /><testcase classname="cli.test_main_deep_paths" name="test_resume_download_loop_progress" time="1.020" /><testcase classname="cli.test_main_deep_paths" name="test_web_error_path" time="0.006" /><testcase classname="cli.test_main_deep_paths" name="test_monitoring_and_helpers" time="1.020" /><testcase classname="cli.test_main_entry.TestMainEntry" name="test_main_with_torrent_file" time="16.341" /><testcase classname="cli.test_main_entry.TestMainEntry" name="test_main_with_magnet_uri" time="21.952" /><testcase classname="cli.test_main_entry.TestMainEntry" name="test_main_daemon_mode_add_torrent" time="0.006" /><testcase classname="cli.test_main_entry.TestMainEntry" name="test_main_daemon_mode_add_magnet" time="0.003" /><testcase classname="cli.test_main_entry.TestMainEntry" name="test_main_daemon_mode_status" time="0.003" /><testcase classname="cli.test_main_entry.TestMainEntry" name="test_main_daemon_mode_add_exception" time="0.003" /><testcase classname="cli.test_main_entry.TestMainEntry" name="test_main_tracker_error_status" time="0.003" /><testcase classname="cli.test_main_entry.TestMainEntry" name="test_main_magnet_with_dht_peers" time="5.020" /><testcase classname="cli.test_main_entry.TestMainEntry" name="test_main_magnet_with_metadata_fetch" time="30.735" /><testcase classname="cli.test_main_entry.TestMainEntry" name="test_main_type_error_on_announce_input" time="0.005" /><testcase classname="cli.test_main_error_paths.TestConfigFlags" name="test_enable_ipv6_flag" time="0.003" /><testcase classname="cli.test_main_error_paths.TestConfigFlags" name="test_enable_http_trackers_flag" time="0.003" /><testcase classname="cli.test_main_error_paths.TestConfigFlags" name="test_no_mmap_flag" time="0.003" /><testcase classname="cli.test_main_error_paths.TestConfigFlags" name="test_no_sparse_files_flag" time="0.003" /><testcase classname="cli.test_main_error_paths.TestConfigFlags" name="test_enable_io_uring_with_exception" time="0.002" /><testcase classname="cli.test_main_error_paths.TestObservabilityOverrides" name="test_disable_metrics_flag" time="0.003" /><testcase classname="cli.test_main_error_paths.TestErrorPaths" name="test_checkpoint_export_invalid_info_hash" time="0.007" /><testcase classname="cli.test_main_error_paths.TestErrorPaths" name="test_checkpoint_backup_invalid_info_hash" time="0.006" /><testcase classname="cli.test_main_error_paths.TestErrorPaths" name="test_checkpoint_verify_invalid_info_hash" time="0.006" /><testcase classname="cli.test_main_error_paths.TestErrorPaths" name="test_config_command_exception" time="0.006" /><testcase classname="cli.test_main_focus" name="test_status_command_happy_path" time="0.009" /><testcase classname="cli.test_main_focus" name="test_status_command_error_path" time="0.005" /><testcase classname="cli.test_main_focus" name="test_debug_command_happy_path" time="0.006" /><testcase classname="cli.test_main_focus" name="test_magnet_invalid_link_error" time="0.007" /><testcase classname="cli.test_main_focus" name="test_download_checkpoint_noninteractive" time="0.012" /><testcase classname="cli.test_main_focus" name="test_web_command_does_not_await_when_not_coroutine" time="0.005" /><testcase classname="cli.test_main_focus" name="test_interactive_command_runs_cli" time="0.006" /><testcase classname="cli.test_main_focus" name="test_magnet_happy_path_noninteractive" time="0.007" /><testcase classname="cli.test_main_focus" name="test_download_happy_path_noninteractive" time="0.007" /><testcase classname="cli.test_main_more" name="test_status_command_basic" time="0.006" /><testcase classname="cli.test_main_more" name="test_debug_command_basic" time="0.006" /><testcase classname="cli.test_main_more" name="test_status_command_error_path" time="0.005" /><testcase classname="cli.test_main_more" name="test_magnet_invalid_link_error" time="0.007" /><testcase classname="cli.test_main_more" name="test_download_checkpoint_prompt_noninteractive" time="0.013" /><testcase classname="cli.test_main_more_topup" name="test_config_command_shows_table" time="0.005" /><testcase classname="cli.test_main_more_topup" name="test_status_command_happy_and_error" time="0.011" /><testcase classname="cli.test_main_options_matrix" name="test_download_with_override_flags_matrix" time="0.006" /><testcase classname="cli.test_main_options_matrix" name="test_magnet_with_override_flags_matrix" time="0.007" /><testcase classname="cli.test_main_options_matrix" name="test_status_error_branch" time="0.006" /><testcase classname="cli.test_main_overrides" name="test_apply_network_overrides_exercises_paths" time="0.002" /><testcase classname="cli.test_main_overrides" name="test_apply_discovery_strategy_disk_observability_and_limits" time="0.002" /><testcase classname="cli.test_main_overrides" name="test_download_error_branch_when_torrent_missing" time="0.008" /><testcase classname="cli.test_main_topup" name="test_debug_error_path" time="0.006" /><testcase classname="cli.test_main_topup" name="test_resume_cli_success_with_checkpoint" time="0.007" /><testcase classname="cli.test_main_topup" name="test_resume_invalid_hex_and_no_checkpoint" time="0.010" /><testcase classname="cli.test_main_topup" name="test_resume_cannot_auto_resume" time="0.007" /><testcase classname="cli.test_main_topup" name="test_magnet_interactive_path" time="0.007" /><testcase classname="cli.test_main_topup" name="test_download_interactive_path" time="0.007" /><testcase classname="cli.test_main_topup" name="test_download_file_not_found_path" time="0.006" /><testcase classname="cli.test_main_topup" name="test_resume_download_stop_warning" time="0.007" /><testcase classname="cli.test_main_topup" name="test_debug_happy_path" time="0.005" /><testcase classname="cli.test_main_topup" name="test_resume_download_interactive_branch" time="0.004" /><testcase classname="cli.test_main_topup" name="test_start_basic_download_with_object_torrent_data" time="0.006" /><testcase classname="cli.test_monitoring_commands.TestDashboardCommand" name="test_dashboard_basic" time="0.004" /><testcase classname="cli.test_monitoring_commands.TestDashboardCommand" name="test_dashboard_with_rules_success" time="0.005" /><testcase classname="cli.test_monitoring_commands.TestDashboardCommand" name="test_dashboard_with_rules_failure" time="0.005" /><testcase classname="cli.test_monitoring_commands.TestDashboardCommand" name="test_dashboard_error" time="0.003" /><testcase classname="cli.test_monitoring_commands.TestAlertsCommand" name="test_alerts_list_empty" time="0.003" /><testcase classname="cli.test_monitoring_commands.TestAlertsCommand" name="test_alerts_list_with_rules" time="0.004" /><testcase classname="cli.test_monitoring_commands.TestAlertsCommand" name="test_alerts_list_active_empty" time="0.003" /><testcase classname="cli.test_monitoring_commands.TestAlertsCommand" name="test_alerts_add_rule_missing_params" time="0.003" /><testcase classname="cli.test_monitoring_commands.TestAlertsCommand" name="test_alerts_add_rule_success" time="0.003" /><testcase classname="cli.test_monitoring_commands.TestAlertsCommand" name="test_alerts_remove_rule_missing_name" time="0.003" /><testcase classname="cli.test_monitoring_commands.TestAlertsCommand" name="test_alerts_remove_rule_success" time="0.004" /><testcase classname="cli.test_monitoring_commands.TestAlertsCommand" name="test_alerts_clear_active_success" time="0.004" /><testcase classname="cli.test_monitoring_commands.TestAlertsCommand" name="test_alerts_clear_active_error" time="0.004" /><testcase classname="cli.test_monitoring_commands.TestAlertsCommand" name="test_alerts_test_missing_name" time="0.003" /><testcase classname="cli.test_monitoring_commands.TestAlertsCommand" name="test_alerts_test_missing_value" time="0.003" /><testcase classname="cli.test_monitoring_commands.TestAlertsCommand" name="test_alerts_test_rule_not_found" time="0.003" /><testcase classname="cli.test_monitoring_commands.TestAlertsCommand" name="test_alerts_test_success_numeric" time="0.004" /><testcase classname="cli.test_monitoring_commands.TestAlertsCommand" name="test_alerts_load_success" time="0.006" /><testcase classname="cli.test_monitoring_commands.TestAlertsCommand" name="test_alerts_load_error" time="0.004" /><testcase classname="cli.test_monitoring_commands.TestAlertsCommand" name="test_alerts_save_success" time="0.005" /><testcase classname="cli.test_monitoring_commands.TestAlertsCommand" name="test_alerts_save_error" time="0.004" /><testcase classname="cli.test_monitoring_commands.TestAlertsCommand" name="test_alerts_no_action" time="0.003" /><testcase classname="cli.test_monitoring_commands.TestAlertsCommand" name="test_alerts_get_config_exception" time="0.004" /><testcase classname="cli.test_monitoring_commands.TestAlertsCommand" name="test_alerts_list_active_with_multiple_alerts" time="0.005" /><testcase classname="cli.test_monitoring_commands.TestAlertsCommand" name="test_alerts_test_process_alert_exception" time="0.004" /><testcase classname="cli.test_monitoring_commands.TestMetricsCommand" name="test_metrics_json_once" time="0.005" /><testcase classname="cli.test_monitoring_commands.TestMetricsCommand" name="test_metrics_json_with_output" time="0.006" /><testcase classname="cli.test_monitoring_commands.TestMetricsCommand" name="test_metrics_prometheus_format" time="0.004" /><testcase classname="cli.test_monitoring_commands.TestMetricsCommand" name="test_metrics_with_duration" time="0.005" /><testcase classname="cli.test_monitoring_commands.TestMetricsCommand" name="test_metrics_with_system_metrics" time="0.005" /><testcase classname="cli.test_monitoring_commands.TestMetricsCommand" name="test_metrics_with_performance_metrics" time="0.005" /><testcase classname="cli.test_monitoring_commands.TestMetricsCommand" name="test_metrics_error" time="0.005" /><testcase classname="cli.test_monitoring_commands.TestMetricsCommand" name="test_metrics_duration_finally_block" time="0.108" /><testcase classname="cli.test_monitoring_commands.TestMetricsCommand" name="test_metrics_config_access_exception" time="0.005" /><testcase classname="cli.test_progress.TestProgressManager" name="test_init" time="0.002" /><testcase classname="cli.test_progress.TestProgressManager" name="test_create_progress" time="0.002" /><testcase classname="cli.test_progress.TestProgressManager" name="test_create_download_progress" time="0.002" /><testcase classname="cli.test_progress.TestProgressManager" name="test_create_download_progress_with_mapping" time="0.002" /><testcase classname="cli.test_progress.TestProgressManager" name="test_create_upload_progress" time="0.002" /><testcase classname="cli.test_progress.TestProgressManager" name="test_create_upload_progress_with_mapping" time="0.002" /><testcase classname="cli.test_progress.TestProgressManager" name="test_create_piece_progress" time="0.002" /><testcase classname="cli.test_progress.TestProgressManager" name="test_create_speed_progress" time="0.002" /><testcase classname="cli.test_progress.TestProgressManager" name="test_create_peer_progress" time="0.003" /><testcase classname="cli.test_progress.TestProgressManager" name="test_create_verification_progress" time="0.002" /><testcase classname="cli.test_progress.TestProgressManager" name="test_create_metadata_progress" time="0.002" /><testcase classname="cli.test_progress.TestProgressManager" name="test_create_tracker_progress" time="0.002" /><testcase classname="cli.test_progress.TestProgressManager" name="test_create_dht_progress" time="0.002" /><testcase classname="cli.test_progress.TestProgressManager" name="test_create_pex_progress" time="0.002" /><testcase classname="cli.test_progress.TestProgressManager" name="test_create_webseed_progress" time="0.002" /><testcase classname="cli.test_progress.TestProgressManager" name="test_create_encryption_progress" time="0.003" /><testcase classname="cli.test_progress.TestProgressManager" name="test_create_security_progress" time="0.003" /><testcase classname="cli.test_progress.TestProgressManager" name="test_create_ml_progress" time="0.002" /><testcase classname="cli.test_progress.TestProgressManager" name="test_create_monitoring_progress" time="0.002" /><testcase classname="cli.test_progress.TestProgressManager" name="test_create_observability_progress" time="0.002" /><testcase classname="cli.test_progress.TestProgressManager" name="test_create_dashboard_progress" time="0.003" /><testcase classname="cli.test_progress.TestProgressManager" name="test_create_alert_progress" time="0.002" /><testcase classname="cli.test_progress.TestProgressManager" name="test_create_tracing_progress" time="0.002" /><testcase classname="cli.test_progress.TestProgressManager" name="test_create_profiling_progress" time="0.002" /><testcase classname="cli.test_progress.TestProgressManager" name="test_create_debug_progress" time="0.002" /><testcase classname="cli.test_progress.TestProgressManager" name="test_create_completion_progress" time="0.003" /><testcase classname="cli.test_progress.TestProgressManager" name="test_create_cleanup_progress" time="0.003" /><testcase classname="cli.test_progress.TestProgressManager" name="test_create_finalization_progress" time="0.003" /><testcase classname="cli.test_progress.TestProgressManager" name="test_create_verification_final_progress" time="0.003" /><testcase classname="cli.test_progress.TestProgressManager" name="test_create_success_progress" time="0.004" /><testcase classname="cli.test_progress.TestProgressManager" name="test_progress_manager_state" time="0.004" /><testcase classname="cli.test_progress.TestProgressManager" name="test_all_progress_types_created" time="0.007" /><testcase classname="cli.test_resume_commands.TestResumeCLI" name="test_resume_command_auto_resume" time="0.007" /><testcase classname="cli.test_resume_commands.TestResumeCLI" name="test_resume_command_missing_checkpoint" time="0.008" /><testcase classname="cli.test_resume_commands.TestResumeCLI" name="test_download_command_checkpoint_detection" time="0.010" /><testcase classname="cli.test_resume_commands.TestResumeCLI" name="test_magnet_command_checkpoint_detection" time="0.008" /><testcase classname="cli.test_resume_commands.TestResumeCLI" name="test_resume_command_error_handling" time="0.008" /><testcase classname="cli.test_resume_commands.TestResumeCLI" name="test_checkpoints_list_command" time="0.008" /><testcase classname="cli.test_resume_commands.TestResumeCLI" name="test_checkpoints_clean_command" time="0.009" /><testcase classname="cli.test_resume_commands.TestResumeCLI" name="test_cli_command_structure" time="0.009" /><testcase classname="config.test_config_backup_expanded.TestConfigBackupExpanded" name="test_create_backup_uncompressed" time="0.017" /><testcase classname="config.test_config_backup_expanded.TestConfigBackupExpanded" name="test_create_backup_exception" time="0.007" /><testcase classname="config.test_config_backup_expanded.TestConfigBackupExpanded" name="test_restore_backup_no_target_file" time="0.008" /><testcase classname="config.test_config_backup_expanded.TestConfigBackupExpanded" name="test_restore_backup_pre_restore_backup_fails" time="0.031" /><testcase classname="config.test_config_backup_expanded.TestConfigBackupExpanded" name="test_restore_backup_exception" time="0.009" /><testcase classname="config.test_config_backup_expanded.TestConfigBackupExpanded" name="test_list_backups_exception" time="0.009" /><testcase classname="config.test_config_backup_expanded.TestConfigBackupExpanded" name="test_auto_backup_metadata_update_exception" time="0.010" /><testcase classname="config.test_config_backup_expanded.TestConfigBackupExpanded" name="test_cleanup_auto_backups_exception" time="0.006" /><testcase classname="config.test_config_backup_expanded.TestConfigBackupExpanded" name="test_cleanup_auto_backups_unlink_exception" time="0.019" /><testcase classname="config.test_config_backup_expanded.TestConfigBackupExpanded" name="test_validate_backup_missing_metadata" time="0.009" /><testcase classname="config.test_config_backup_expanded.TestConfigBackupExpanded" name="test_validate_backup_missing_config" time="0.007" /><testcase classname="config.test_config_backup_expanded.TestConfigBackupExpanded" name="test_validate_backup_missing_required_field" time="0.030" /><testcase classname="config.test_config_backup_expanded.TestConfigBackupExpanded" name="test_validate_backup_config_validation_fails" time="0.029" /><testcase classname="config.test_config_backup_expanded.TestConfigBackupExpanded" name="test_validate_backup_not_found" time="0.008" /><testcase classname="config.test_config_backup_expanded.TestConfigBackupExpanded" name="test_save_backup_file_uncompressed" time="0.007" /><testcase classname="config.test_config_backup_expanded.TestConfigBackupExpanded" name="test_get_hostname_exception" time="0.006" /><testcase classname="config.test_config_backup_expanded.TestConfigBackupExpanded" name="test_cleanup_old_backups_days_zero" time="0.007" /><testcase classname="config.test_config_backup_expanded.TestConfigBackupExpanded" name="test_cleanup_old_backups_exception" time="0.006" /><testcase classname="config.test_config_backup_expanded.TestConfigBackupExpanded" name="test_cleanup_old_backups_unlink_exception" time="0.007" /><testcase classname="config.test_config_backup_expanded.TestConfigBackupExpanded" name="test_init_default_backup_dir" time="0.005" /><testcase classname="config.test_config_backup_expanded.TestConfigBackupExpanded" name="test_create_backup_file_not_found" time="0.006" /><testcase classname="config.test_config_backup_expanded.TestConfigBackupExpanded" name="test_restore_backup_file_not_found" time="0.005" /><testcase classname="config.test_config_backup_expanded.TestConfigBackupExpanded" name="test_restore_backup_success" time="0.036" /><testcase classname="config.test_config_backup_expanded.TestConfigBackupExpanded" name="test_validate_backup_exception" time="0.029" /><testcase classname="config.test_config_backup_expanded.TestConfigBackupExpanded" name="test_load_config_file_json" time="0.008" /><testcase classname="config.test_config_backup_expanded.TestConfigBackupExpanded" name="te
[...]
events_comprehensive.TestEvent" name="test_event_from_json" time="0.012" /><testcase classname="unit.utils.test_events_comprehensive.TestTypedEvents" name="test_peer_connected_event_post_init" time="0.013" /><testcase classname="unit.utils.test_events_comprehensive.TestTypedEvents" name="test_peer_disconnected_event_post_init" time="0.015" /><testcase classname="unit.utils.test_events_comprehensive.TestTypedEvents" name="test_piece_downloaded_event_post_init" time="0.012" /><testcase classname="unit.utils.test_events_comprehensive.TestTypedEvents" name="test_torrent_completed_event_post_init" time="0.012" /><testcase classname="unit.utils.test_events_comprehensive.TestTypedEvents" name="test_performance_metric_event_post_init" time="0.012" /><testcase classname="unit.utils.test_events_comprehensive.TestEventHandler" name="test_event_handler_init" time="0.012" /><testcase classname="unit.utils.test_events_comprehensive.TestEventHandler" name="test_event_handler_can_handle_default" time="0.016" /><testcase classname="unit.utils.test_events_comprehensive.TestEventHandler" name="test_event_handler_handle_abstract" time="0.019" /><testcase classname="unit.utils.test_events_comprehensive.TestEventBus" name="test_event_bus_init" time="0.012" /><testcase classname="unit.utils.test_events_comprehensive.TestEventBus" name="test_register_handler_specific_event_type" time="0.013" /><testcase classname="unit.utils.test_events_comprehensive.TestEventBus" name="test_register_handler_multiple_handlers" time="0.013" /><testcase classname="unit.utils.test_events_comprehensive.TestEventBus" name="test_unregister_handler" time="0.014" /><testcase classname="unit.utils.test_events_comprehensive.TestEventBus" name="test_unregister_handler_not_found" time="0.015" /><testcase classname="unit.utils.test_events_comprehensive.TestEventBus" name="test_emit_normal_emission" time="0.018" /><testcase classname="unit.utils.test_events_comprehensive.TestEventBus" name="test_emit_queue_full" time="0.022" /><testcase classname="unit.utils.test_events_comprehensive.TestEventBus" name="test_emit_exception_handling" time="0.019" /><testcase classname="unit.utils.test_events_comprehensive.TestEventBus" name="test_emit_loop_rebinding" time="0.019" /><testcase classname="unit.utils.test_events_comprehensive.TestEventBus" name="test_start_already_running" time="0.009" /><testcase classname="unit.utils.test_events_comprehensive.TestEventBus" name="test_start_loop_rebinding" time="0.019" /><testcase classname="unit.utils.test_events_comprehensive.TestEventBus" name="test_stop_not_running" time="0.019" /><testcase classname="unit.utils.test_events_comprehensive.TestEventBus" name="test_stop_task_cancellation" time="0.016" /><testcase classname="unit.utils.test_events_comprehensive.TestEventBus" name="test_process_events_normal" time="0.134" /><testcase classname="unit.utils.test_events_comprehensive.TestEventBus" name="test_process_events_timeout" time="1.212" /><testcase classname="unit.utils.test_events_comprehensive.TestEventBus" name="test_process_events_cancelled" time="0.074" /><testcase classname="unit.utils.test_events_comprehensive.TestEventBus" name="test_process_events_exception" time="0.125" /><testcase classname="unit.utils.test_events_comprehensive.TestEventBus" name="test_handle_event_with_handlers" time="0.020" /><testcase classname="unit.utils.test_events_comprehensive.TestEventBus" name="test_handle_event_no_handlers" time="0.014" /><testcase classname="unit.utils.test_events_comprehensive.TestEventBus" name="test_handle_event_wildcard_handlers" time="0.017" /><testcase classname="unit.utils.test_events_comprehensive.TestEventBus" name="test_handle_event_can_handle_filtering" time="0.019" /><testcase classname="unit.utils.test_events_comprehensive.TestEventBus" name="test_handle_event_exception" time="0.015" /><testcase classname="unit.utils.test_events_comprehensive.TestEventBus" name="test_handle_with_handler_success" time="0.021" /><testcase classname="unit.utils.test_events_comprehensive.TestEventBus" name="test_handle_with_handler_exception" time="0.015" /><testcase classname="unit.utils.test_events_comprehensive.TestEventBus" name="test_get_replay_events_all" time="0.010" /><testcase classname="unit.utils.test_events_comprehensive.TestEventBus" name="test_get_replay_events_filtered" time="0.008" /><testcase classname="unit.utils.test_events_comprehensive.TestEventBus" name="test_get_replay_events_with_limit" time="0.009" /><testcase classname="unit.utils.test_events_comprehensive.TestEventBus" name="test_emit_replay_buffer_overflow" time="0.017" /><testcase classname="unit.utils.test_events_comprehensive.TestEventBus" name="test_get_stats" time="0.010" /><testcase classname="unit.utils.test_events_comprehensive.TestGlobalFunctions" name="test_get_event_bus_singleton" time="0.010" /><testcase classname="unit.utils.test_events_comprehensive.TestGlobalFunctions" name="test_emit_event" time="0.136" /><testcase classname="unit.utils.test_events_comprehensive.TestGlobalFunctions" name="test_emit_peer_connected" time="0.137" /><testcase classname="unit.utils.test_events_comprehensive.TestGlobalFunctions" name="test_emit_peer_disconnected" time="0.127" /><testcase classname="unit.utils.test_events_comprehensive.TestGlobalFunctions" name="test_emit_piece_downloaded" time="0.121" /><testcase classname="unit.utils.test_events_comprehensive.TestGlobalFunctions" name="test_emit_torrent_completed" time="0.105" /><testcase classname="unit.utils.test_events_comprehensive.TestGlobalFunctions" name="test_emit_performance_metric" time="0.121" /><testcase classname="unit.utils.test_exceptions_comprehensive.TestCCBTError" name="test_init_with_message_only" time="0.011" /><testcase classname="unit.utils.test_exceptions_comprehensive.TestCCBTError" name="test_init_with_message_and_details" time="0.009" /><testcase classname="unit.utils.test_exceptions_comprehensive.TestCCBTError" name="test_init_with_details_none" time="0.010" /><testcase classname="unit.utils.test_exceptions_comprehensive.TestCCBTError" name="test_str_without_details" time="0.009" /><testcase classname="unit.utils.test_exceptions_comprehensive.TestCCBTError" name="test_str_with_details" time="0.008" /><testcase classname="unit.utils.test_exceptions_comprehensive.TestCCBTError" name="test_str_with_empty_details" time="0.008" /><testcase classname="unit.utils.test_exceptions_comprehensive.TestExceptionHierarchy" name="test_network_error" time="0.010" /><testcase classname="unit.utils.test_exceptions_comprehensive.TestExceptionHierarchy" name="test_tracker_error" time="0.008" /><testcase classname="unit.utils.test_exceptions_comprehensive.TestExceptionHierarchy" name="test_peer_connection_error" time="0.019" /><testcase classname="unit.utils.test_exceptions_comprehensive.TestExceptionHierarchy" name="test_dht_error" time="0.019" /><testcase classname="unit.utils.test_exceptions_comprehensive.TestExceptionHierarchy" name="test_disk_error" time="0.016" /><testcase classname="unit.utils.test_exceptions_comprehensive.TestExceptionHierarchy" name="test_file_system_error" time="0.015" /><testcase classname="unit.utils.test_exceptions_comprehensive.TestExceptionHierarchy" name="test_preallocation_error" time="0.011" /><testcase classname="unit.utils.test_exceptions_comprehensive.TestExceptionHierarchy" name="test_protocol_error" time="0.010" /><testcase classname="unit.utils.test_exceptions_comprehensive.TestExceptionHierarchy" name="test_handshake_error" time="0.009" /><testcase classname="unit.utils.test_exceptions_comprehensive.TestExceptionHierarchy" name="test_message_error" time="0.007" /><testcase classname="unit.utils.test_exceptions_comprehensive.TestExceptionHierarchy" name="test_validation_error" time="0.010" /><testcase classname="unit.utils.test_exceptions_comprehensive.TestExceptionHierarchy" name="test_configuration_error" time="0.012" /><testcase classname="unit.utils.test_exceptions_comprehensive.TestExceptionHierarchy" name="test_torrent_error" time="0.009" /><testcase classname="unit.utils.test_exceptions_comprehensive.TestExceptionHierarchy" name="test_bencode_error" time="0.008" /><testcase classname="unit.utils.test_exceptions_comprehensive.TestExceptionHierarchy" name="test_resource_error" time="0.006" /><testcase classname="unit.utils.test_exceptions_comprehensive.TestExceptionHierarchy" name="test_ccbt_timeout_error" time="0.008" /><testcase classname="unit.utils.test_exceptions_comprehensive.TestExceptionHierarchy" name="test_security_error" time="0.009" /><testcase classname="unit.utils.test_exceptions_comprehensive.TestExceptionHierarchy" name="test_peer_validation_error" time="0.009" /><testcase classname="unit.utils.test_exceptions_comprehensive.TestExceptionHierarchy" name="test_rate_limit_error" time="0.015" /><testcase classname="unit.utils.test_exceptions_comprehensive.TestExceptionHierarchy" name="test_checkpoint_error" time="0.009" /><testcase classname="unit.utils.test_exceptions_comprehensive.TestExceptionHierarchy" name="test_checkpoint_not_found_error" time="0.005" /><testcase classname="unit.utils.test_exceptions_comprehensive.TestExceptionHierarchy" name="test_checkpoint_corrupted_error" time="0.008" /><testcase classname="unit.utils.test_exceptions_comprehensive.TestExceptionHierarchy" name="test_checkpoint_version_error" time="0.008" /><testcase classname="unit.utils.test_exceptions_comprehensive.TestExceptionHierarchy" name="test_all_exceptions_inherit_str_behavior" time="0.004" /><testcase classname="unit.utils.test_logging_config_comprehensive.TestCorrelationFilter" name="test_filter_with_correlation_id_set" time="0.007" /><testcase classname="unit.utils.test_logging_config_comprehensive.TestCorrelationFilter" name="test_filter_without_correlation_id" time="0.008" /><testcase classname="unit.utils.test_logging_config_comprehensive.TestStructuredFormatter" name="test_format_normal_log_record" time="0.010" /><testcase classname="unit.utils.test_logging_config_comprehensive.TestStructuredFormatter" name="test_format_with_correlation_id" time="0.009" /><testcase classname="unit.utils.test_logging_config_comprehensive.TestStructuredFormatter" name="test_format_with_exception_info" time="0.010" /><testcase classname="unit.utils.test_logging_config_comprehensive.TestStructuredFormatter" name="test_format_with_extra_fields" time="0.010" /><testcase classname="unit.utils.test_logging_config_comprehensive.TestStructuredFormatter" name="test_format_excluded_keys_not_in_output" time="0.009" /><testcase classname="unit.utils.test_logging_config_comprehensive.TestColoredFormatter" name="test_format_debug_level" time="0.009" /><testcase classname="unit.utils.test_logging_config_comprehensive.TestColoredFormatter" name="test_format_info_level" time="0.008" /><testcase classname="unit.utils.test_logging_config_comprehensive.TestColoredFormatter" name="test_format_warning_level" time="0.008" /><testcase classname="unit.utils.test_logging_config_comprehensive.TestColoredFormatter" name="test_format_error_level" time="0.009" /><testcase classname="unit.utils.test_logging_config_comprehensive.TestColoredFormatter" name="test_format_critical_level" time="0.010" /><testcase classname="unit.utils.test_logging_config_comprehensive.TestColoredFormatter" name="test_format_with_correlation_id" time="0.007" /><testcase classname="unit.utils.test_logging_config_comprehensive.TestColoredFormatter" name="test_format_without_correlation_id" time="0.009" /><testcase classname="unit.utils.test_logging_config_comprehensive.TestSetupLogging" name="test_setup_logging_without_log_file" time="0.014" /><testcase classname="unit.utils.test_logging_config_comprehensive.TestSetupLogging" name="test_setup_logging_with_log_file" time="0.020" /><testcase classname="unit.utils.test_logging_config_comprehensive.TestSetupLogging" name="test_setup_logging_creates_log_directory" time="0.021" /><testcase classname="unit.utils.test_logging_config_comprehensive.TestSetupLogging" name="test_setup_logging_structured_enabled" time="0.015" /><testcase classname="unit.utils.test_logging_config_comprehensive.TestSetupLogging" name="test_setup_logging_structured_disabled" time="0.014" /><testcase classname="unit.utils.test_logging_config_comprehensive.TestSetupLogging" name="test_setup_logging_with_file_structured" time="0.018" /><testcase classname="unit.utils.test_logging_config_comprehensive.TestSetupLogging" name="test_setup_logging_with_file_simple" time="0.019" /><testcase classname="unit.utils.test_logging_config_comprehensive.TestSetupLogging" name="test_setup_logging_log_correlation_id_enabled" time="0.016" /><testcase classname="unit.utils.test_logging_config_comprehensive.TestSetupLogging" name="test_setup_logging_log_correlation_id_disabled" time="0.015" /><testcase classname="unit.utils.test_logging_config_comprehensive.TestGetLogger" name="test_get_logger_returns_logger_with_prefix" time="0.008" /><testcase classname="unit.utils.test_logging_config_comprehensive.TestCorrelationIDFunctions" name="test_set_correlation_id_with_provided_id" time="0.009" /><testcase classname="unit.utils.test_logging_config_comprehensive.TestCorrelationIDFunctions" name="test_set_correlation_id_without_provided_id" time="0.008" /><testcase classname="unit.utils.test_logging_config_comprehensive.TestCorrelationIDFunctions" name="test_get_correlation_id_returns_current_id" time="0.009" /><testcase classname="unit.utils.test_logging_config_comprehensive.TestCorrelationIDFunctions" name="test_get_correlation_id_returns_none_when_not_set" time="0.009" /><testcase classname="unit.utils.test_logging_config_comprehensive.TestLoggingContext" name="test_logging_context_enter" time="0.012" /><testcase classname="unit.utils.test_logging_config_comprehensive.TestLoggingContext" name="test_logging_context_exit_success" time="0.010" /><testcase classname="unit.utils.test_logging_config_comprehensive.TestLoggingContext" name="test_logging_context_exit_exception" time="0.011" /><testcase classname="unit.utils.test_logging_config_comprehensive.TestLoggingContext" name="test_logging_context_exit_preserves_exception" time="0.011" /><testcase classname="unit.utils.test_logging_config_comprehensive.TestLogException" name="test_log_exception_with_ccbterror" time="0.010" /><testcase classname="unit.utils.test_logging_config_comprehensive.TestLogException" name="test_log_exception_with_generic_exception" time="0.012" /><testcase classname="unit.utils.test_logging_config_comprehensive.TestLogException" name="test_log_exception_with_context_string" time="0.010" /><testcase classname="unit.utils.test_metrics_comprehensive.TestMetricsCollectorInitialization" name="test_get_config_function" time="0.009" /><testcase classname="unit.utils.test_metrics_comprehensive.TestMetricsCollectorInitialization" name="test_init_with_prometheus_enabled" time="0.014" /><testcase classname="unit.utils.test_metrics_comprehensive.TestMetricsCollectorInitialization" name="test_init_with_prometheus_disabled" time="0.011" /><testcase classname="unit.utils.test_metrics_comprehensive.TestMetricsCollectorInitialization" name="test_init_without_prometheus" time="0.012" /><testcase classname="unit.utils.test_metrics_comprehensive.TestMetricsCollectorInitialization" name="test_setup_prometheus_metrics_without_prometheus" time="0.014" /><testcase classname="unit.utils.test_metrics_comprehensive.TestMetricsCollectorInitialization" name="test_prometheus_import_error_path" time="0.011" /><testcase classname="unit.utils.test_metrics_comprehensive.TestMetricsCollectorLifecycle" name="test_start_creates_background_tasks" time="0.025" /><testcase classname="unit.utils.test_metrics_comprehensive.TestMetricsCollectorLifecycle" name="test_start_with_prometheus_server_success" time="0.019" /><testcase classname="unit.utils.test_metrics_comprehensive.TestMetricsCollectorLifecycle" name="test_start_with_prometheus_server_exception" time="0.028" /><testcase classname="unit.utils.test_metrics_comprehensive.TestMetricsCollectorLifecycle" name="test_stop_cancels_tasks" time="0.020" /><testcase classname="unit.utils.test_metrics_comprehensive.TestMetricsCollectorLifecycle" name="test_stop_with_none_tasks" time="0.015" /><testcase classname="unit.utils.test_metrics_comprehensive.TestMetricsCollectorPrometheusIntegration" name="test_update_prometheus_metrics_success" time="0.018" /><testcase classname="unit.utils.test_metrics_comprehensive.TestMetricsCollectorPrometheusIntegration" name="test_update_prometheus_metrics_no_metrics" time="0.008" /><testcase classname="unit.utils.test_metrics_comprehensive.TestMetricsCollectorRateHistory" name="test_update_metrics_appends_rate_history" time="0.015" /><testcase classname="unit.utils.test_metrics_comprehensive.TestMetricsCollectorCallbacks" name="test_update_metrics_with_callback" time="0.011" /><testcase classname="unit.utils.test_metrics_comprehensive.TestMetricsCollectorCallbacks" name="test_update_metrics_without_callback" time="0.014" /><testcase classname="unit.utils.test_metrics_comprehensive.TestMetricsCollectorCleanup" name="test_cleanup_old_metrics_removes_stale_peers" time="0.015" /><testcase classname="unit.utils.test_metrics_comprehensive.TestMetricsCollectorCleanup" name="test_cleanup_old_metrics_no_peers_to_remove" time="0.016" /><testcase classname="unit.utils.test_metrics_comprehensive.TestMetricsCollectorBackgroundLoops" name="test_metrics_loop_exception_handling" time="0.131" /><testcase classname="unit.utils.test_metrics_comprehensive.TestMetricsCollectorBackgroundLoops" name="test_cleanup_loop_exception_handling" time="0.017" /><testcase classname="unit.utils.test_metrics_comprehensive.TestMetricsCollectorBackgroundLoops" name="test_metrics_loop_cancellation" time="0.011" /><testcase classname="unit.utils.test_metrics_comprehensive.TestMetricsCollectorBackgroundLoops" name="test_cleanup_loop_cancellation" time="0.016" /><testcase classname="unit.utils.test_metrics_comprehensive.TestMetricsCollectorUpdateMethods" name="test_update_torrent_status_creates_new_entry" time="0.012" /><testcase classname="unit.utils.test_metrics_comprehensive.TestMetricsCollectorUpdateMethods" name="test_update_torrent_status_updates_existing" time="0.012" /><testcase classname="unit.utils.test_metrics_comprehensive.TestMetricsCollectorUpdateMethods" name="test_update_peer_metrics_creates_new_entry" time="0.010" /><testcase classname="unit.utils.test_metrics_comprehensive.TestMetricsCollectorUpdateMethods" name="test_update_peer_metrics_updates_existing" time="0.007" /><testcase classname="unit.utils.test_metrics_comprehensive.TestMetricsCollectorExport" name="test_export_json_metrics" time="0.009" /><testcase classname="unit.utils.test_metrics_comprehensive.TestMetricsCollectorGetMethods" name="test_get_torrent_metrics_exists" time="0.010" /><testcase classname="unit.utils.test_metrics_comprehensive.TestMetricsCollectorGetMethods" name="test_get_torrent_metrics_not_exists" time="0.010" /><testcase classname="unit.utils.test_metrics_comprehensive.TestMetricsCollectorGetMethods" name="test_get_peer_metrics_exists" time="0.010" /><testcase classname="unit.utils.test_metrics_comprehensive.TestMetricsCollectorGetMethods" name="test_get_peer_metrics_not_exists" time="0.006" /><testcase classname="unit.utils.test_metrics_comprehensive.TestMetricsCollectorGetMethods" name="test_get_metrics_summary" time="0.011" /><testcase classname="unit.utils.test_metrics_comprehensive.TestMetricDataClasses" name="test_peer_metrics_defaults" time="0.007" /><testcase classname="unit.utils.test_metrics_comprehensive.TestMetricDataClasses" name="test_torrent_metrics_defaults" time="0.004" /><testcase classname="unit.utils.test_metrics_comprehensive.TestMetricDataClasses" name="test_metric_type_enum" time="0.007" /><testcase classname="unit.utils.test_metrics_comprehensive.TestMetricsCollectorCalculateRates" name="test_calculate_global_rates" time="0.081" /></testsuite></testsuites>